\BOOKMARK [1][-]{titlepage.1}{\376\377\134\001\227\142}{}% 1
\BOOKMARK [1][-]{cabstract.1}{\376\377\144\130\211\201}{}% 2
\BOOKMARK [1][-]{eabstract.1}{\376\377\000A\000b\000s\000t\000r\000a\000c\000t}{}% 3
\BOOKMARK [1][-]{contents.1}{\376\377\166\356\137\125}{}% 4
\BOOKMARK [0][-]{chapter.1}{\376\377\137\025\212\000}{}% 5
\BOOKMARK [1][-]{section.1.1}{\376\377\200\314\146\157\122\006\147\220}{chapter.1}% 6
\BOOKMARK [1][-]{section.1.2}{\376\377\145\271\150\110\151\202\217\360}{chapter.1}% 7
\BOOKMARK [1][-]{section.1.3}{\376\377\147\054\145\207\176\304\176\307}{chapter.1}% 8
\BOOKMARK [0][-]{chapter.2}{\376\377\166\370\121\163\135\345\117\134}{}% 9
\BOOKMARK [1][-]{section.2.1}{\376\377\116\073\211\201\166\370\121\163\142\200\147\057\214\003\170\024}{chapter.2}% 10
\BOOKMARK [2][-]{subsection.2.1.1}{\376\377\116\272\201\070\213\306\122\053\142\200\147\057}{section.2.1}% 11
\BOOKMARK [2][-]{subsection.2.1.2}{\376\377\171\373\122\250\136\224\165\050}{section.2.1}% 12
\BOOKMARK [2][-]{subsection.2.1.3}{\376\377\145\160\143\156\136\223\214\003\170\024}{section.2.1}% 13
\BOOKMARK [2][-]{subsection.2.1.4}{\376\377\162\054\206\153}{section.2.1}% 14
\BOOKMARK [0][-]{chapter.3}{\376\377\174\373\176\337\213\276\213\241}{}% 15
\BOOKMARK [1][-]{section.3.1}{\376\377\123\071\221\115\173\227\154\325\213\276\213\241}{chapter.3}% 16
\BOOKMARK [2][-]{subsection.3.1.1}{\376\377\127\372\147\054\123\237\164\006}{section.3.1}% 17
\BOOKMARK [2][-]{subsection.3.1.2}{\376\377\127\372\116\216\116\272\201\070\166\370\117\074\136\246\166\204\173\227\154\325\213\276\213\241}{section.3.1}% 18
\BOOKMARK [2][-]{subsection.3.1.3}{\376\377\147\072\126\150\133\146\116\140\173\227\154\325\213\276\213\241}{section.3.1}% 19
\BOOKMARK [1][-]{section.3.2}{\376\377\174\373\176\337\147\266\147\204}{chapter.3}% 20
\BOOKMARK [2][-]{subsection.3.2.1}{\376\377\147\015\122\241\126\150\213\276\213\241}{section.3.2}% 21
\BOOKMARK [0][-]{chapter.4}{\376\377\174\373\176\337\133\236\163\260}{}% 22
\BOOKMARK [1][-]{section.4.1}{\376\377\162\054\206\153\152\041\127\127}{chapter.4}% 23
\BOOKMARK [2][-]{subsection.4.1.1}{\376\377\162\054\123\326\127\372\147\054\145\160\143\156}{section.4.1}% 24
\BOOKMARK [1][-]{section.4.2}{\376\377\136\224\165\050\172\357\152\041\127\127}{chapter.4}% 25
\BOOKMARK [2][-]{subsection.4.2.1}{\376\377\162\266\140\001\147\345\213\342\123\312\134\125\171\072}{section.4.2}% 26
\BOOKMARK [2][-]{subsection.4.2.2}{\376\377\117\341\140\157\156\220\155\373\122\240}{section.4.2}% 27
\BOOKMARK [2][-]{subsection.4.2.3}{\376\377\123\071\221\115\117\341\140\157\134\125\057\160}{section.4.2}% 28
\BOOKMARK [0][-]{chapter.5}{\376\377\140\073\176\323\124\214\134\125\147\033}{}% 29
\BOOKMARK [1][-]{section.5.1}{\376\377\174\373\176\337\155\113\213\325}{chapter.5}% 30
\BOOKMARK [2][-]{subsection.5.1.1}{\376\377\145\160\143\156\136\223\165\050\142\067\122\006\147\220}{section.5.1}% 31
\BOOKMARK [2][-]{subsection.5.1.2}{\376\377\133\236\232\214\176\323\147\234}{section.5.1}% 32
\BOOKMARK [0][-]{chapter*.23}{\376\377\147\054\145\207\140\073\176\323}{}% 33
\BOOKMARK [0][-]{appendix.A}{\376\377\226\104\116\366}{}% 34
\BOOKMARK [0][-]{appendix*.25}{\376\377\201\364\214\042}{}% 35
