This is XeTeX, Version 3.1415926-2.5-0.9999.3 (TeX Live 2013) (format=xelatex 2014.6.2)  24 MAY 2015 23:34
entering extended mode
 \write18 enabled.
 %&-line parsing enabled.
**chap5.tex
(./chap5.tex
LaTeX2e <2011/06/27>
Babel <3.9k> and hyphenation patterns for 78 languages loaded.
! Undefined control sequence.
l.5 \chapter
            {总结和展望}
The control sequence at the end of the top line
of your error message was never \def'ed. If you have
misspelled it (e.g., `\hobx'), type `I' and the correct
spelling (e.g., `I\hbox'). Otherwise just continue,
and I'll forget about whatever was undefined.


! LaTeX Error: Missing \begin{document}.

See the LaTeX manual or LaTeX Companion for explanation.
Type  H <return>  for immediate help.
 ...                                              
                                                  
l.5 \chapter{总
                结和展望}
You're in trouble here.  Try typing  <return>  to proceed.
If that doesn't work, type  X <return>  to quit.

Missing character: There is no 总 in font nullfont!
Missing character: There is no 结 in font nullfont!
Missing character: There is no 和 in font nullfont!
Missing character: There is no 展 in font nullfont!
Missing character: There is no 望 in font nullfont!
! Undefined control sequence.
l.6 \section
            {系统测试}
The control sequence at the end of the top line
of your error message was never \def'ed. If you have
misspelled it (e.g., `\hobx'), type `I' and the correct
spelling (e.g., `I\hbox'). Otherwise just continue,
and I'll forget about whatever was undefined.

Missing character: There is no 系 in font nullfont!
Missing character: There is no 统 in font nullfont!
Missing character: There is no 测 in font nullfont!
Missing character: There is no 试 in font nullfont!
Missing character: There is no 为 in font nullfont!
Missing character: There is no 了 in font nullfont!
Missing character: There is no 分 in font nullfont!
Missing character: There is no 析 in font nullfont!
Missing character: There is no 和 in font nullfont!
Missing character: There is no 评 in font nullfont!
Missing character: There is no 估 in font nullfont!
Missing character: There is no 本 in font nullfont!
Missing character: There is no 论 in font nullfont!
Missing character: There is no 文 in font nullfont!
Missing character: There is no 提 in font nullfont!
Missing character: There is no 出 in font nullfont!
Missing character: There is no 的 in font nullfont!
Missing character: There is no 基 in font nullfont!
Missing character: There is no 于 in font nullfont!
Missing character: There is no 人 in font nullfont!
Missing character: There is no 脸 in font nullfont!
Missing character: There is no 识 in font nullfont!
Missing character: There is no 别 in font nullfont!
Missing character: There is no 的 in font nullfont!
Missing character: There is no 匹 in font nullfont!
Missing character: There is no 配 in font nullfont!
Missing character: There is no 算 in font nullfont!
Missing character: There is no 法 in font nullfont!
Missing character: There is no 的 in font nullfont!
Missing character: There is no 有 in font nullfont!
Missing character: There is no 效 in font nullfont!
Missing character: There is no 性 in font nullfont!
Missing character: There is no 和 in font nullfont!
Missing character: There is no 可 in font nullfont!
Missing character: There is no 用 in font nullfont!
Missing character: There is no 性 in font nullfont!
Missing character: There is no ， in font nullfont!
Missing character: There is no 我 in font nullfont!
Missing character: There is no 们 in font nullfont!
Missing character: There is no 使 in font nullfont!
Missing character: There is no 用 in font nullfont!
Missing character: There is no 了 in font nullfont!
Missing character: There is no 该 in font nullfont!
Missing character: There is no 算 in font nullfont!
Missing character: There is no 法 in font nullfont!
Missing character: There is no 编 in font nullfont!
Missing character: There is no 写 in font nullfont!
Missing character: There is no 的 in font nullfont!
Missing character: There is no 基 in font nullfont!
Missing character: There is no 于 in font nullfont!
Missing character: There is no 婚 in font nullfont!
Missing character: There is no 恋 in font nullfont!
Missing character: There is no 数 in font nullfont!
Missing character: There is no 据 in font nullfont!
Missing character: There is no 的 in font nullfont!
Missing character: There is no 匹 in font nullfont!
Missing character: There is no 配 in font nullfont!
Missing character: There is no 好 in font nullfont!
Missing character: There is no 友 in font nullfont!
Missing character: There is no 的 in font nullfont!
Missing character: There is no 应 in font nullfont!
Missing character: There is no 用 in font nullfont!
Missing character: There is no 进 in font nullfont!
Missing character: There is no 行 in font nullfont!
Missing character: There is no 了 in font nullfont!
Missing character: There is no 实 in font nullfont!
Missing character: There is no 验 in font nullfont!
Missing character: There is no 测 in font nullfont!
Missing character: There is no 试 in font nullfont!
Missing character: There is no 。 in font nullfont!
Missing character: There is no 本 in font nullfont!
Missing character: There is no 实 in font nullfont!
Missing character: There is no 验 in font nullfont!
Missing character: There is no 主 in font nullfont!
Missing character: There is no 要 in font nullfont!
Missing character: There is no 基 in font nullfont!
Missing character: There is no 于 in font nullfont!
Missing character: There is no 不 in font nullfont!
Missing character: There is no 同 in font nullfont!
Missing character: There is no 算 in font nullfont!
Missing character: There is no 法 in font nullfont!
Missing character: There is no 的 in font nullfont!
Missing character: There is no 匹 in font nullfont!
Missing character: There is no 配 in font nullfont!
Missing character: There is no 系 in font nullfont!
Missing character: There is no 统 in font nullfont!
Missing character: There is no 进 in font nullfont!
Missing character: There is no 行 in font nullfont!
Missing character: There is no 了 in font nullfont!
Missing character: There is no 分 in font nullfont!
Missing character: There is no 析 in font nullfont!
Missing character: There is no 评 in font nullfont!
Missing character: There is no 估 in font nullfont!
Missing character: There is no 。 in font nullfont!

Overfull \hbox (20.0pt too wide) in paragraph at lines 5--8
[]
 []


! LaTeX Error: Missing \begin{document}.

See the LaTeX manual or LaTeX Companion for explanation.
Type  H <return>  for immediate help.
 ...                                              
                                                  
l.9 本
       实验对于两个方面进行了分析和评估：
You're in trouble here.  Try typing  <return>  to proceed.
If that doesn't work, type  X <return>  to quit.

Missing character: There is no 本 in font nullfont!
Missing character: There is no 实 in font nullfont!
Missing character: There is no 验 in font nullfont!
Missing character: There is no 对 in font nullfont!
Missing character: There is no 于 in font nullfont!
Missing character: There is no 两 in font nullfont!
Missing character: There is no 个 in font nullfont!
Missing character: There is no 方 in font nullfont!
Missing character: There is no 面 in font nullfont!
Missing character: There is no 进 in font nullfont!
Missing character: There is no 行 in font nullfont!
Missing character: There is no 了 in font nullfont!
Missing character: There is no 分 in font nullfont!
Missing character: There is no 析 in font nullfont!
Missing character: There is no 和 in font nullfont!
Missing character: There is no 评 in font nullfont!
Missing character: There is no 估 in font nullfont!
Missing character: There is no ： in font nullfont!

Overfull \hbox (20.0pt too wide) in paragraph at lines 9--10
[] 
 []

Missing character: There is no 数 in font nullfont!
Missing character: There is no 据 in font nullfont!
Missing character: There is no 库 in font nullfont!
Missing character: There is no 用 in font nullfont!
Missing character: There is no 户 in font nullfont!
Missing character: There is no 分 in font nullfont!
Missing character: There is no 析 in font nullfont!
Missing character: There is no 测 in font nullfont!
Missing character: There is no 试 in font nullfont!
Missing character: There is no 用 in font nullfont!
Missing character: There is no 户 in font nullfont!
Missing character: There is no 对 in font nullfont!
Missing character: There is no 于 in font nullfont!
Missing character: There is no 不 in font nullfont!
Missing character: There is no 同 in font nullfont!
Missing character: There is no 匹 in font nullfont!
Missing character: There is no 配 in font nullfont!
Missing character: There is no 算 in font nullfont!
Missing character: There is no 法 in font nullfont!
Missing character: There is no 的 in font nullfont!
Missing character: There is no 满 in font nullfont!
Missing character: There is no 意 in font nullfont!
Missing character: There is no 度 in font nullfont!
! Undefined control sequence.
l.14 \subsection
                {数据库用户分析}
The control sequence at the end of the top line
of your error message was never \def'ed. If you have
misspelled it (e.g., `\hobx'), type `I' and the correct
spelling (e.g., `I\hbox'). Otherwise just continue,
and I'll forget about whatever was undefined.

Missing character: There is no 数 in font nullfont!
Missing character: There is no 据 in font nullfont!
Missing character: There is no 库 in font nullfont!
Missing character: There is no 用 in font nullfont!
Missing character: There is no 户 in font nullfont!
Missing character: There is no 分 in font nullfont!
Missing character: There is no 析 in font nullfont!
Missing character: There is no 通 in font nullfont!
Missing character: There is no 过 in font nullfont!
Missing character: There is no 数 in font nullfont!
Missing character: There is no 据 in font nullfont!
Missing character: There is no 库 in font nullfont!
Missing character: There is no 的 in font nullfont!
Missing character: There is no 采 in font nullfont!
Missing character: There is no 取 in font nullfont!
Missing character: There is no 的 in font nullfont!
Missing character: There is no 3 in font nullfont!
Missing character: There is no 0 in font nullfont!
Missing character: There is no 0 in font nullfont!
Missing character: There is no 0 in font nullfont!
Missing character: There is no 条 in font nullfont!
Missing character: There is no 数 in font nullfont!
Missing character: There is no 据 in font nullfont!
Missing character: There is no 进 in font nullfont!
Missing character: There is no 行 in font nullfont!
Missing character: There is no 分 in font nullfont!
Missing character: There is no 析 in font nullfont!
Missing character: There is no ， in font nullfont!
Missing character: There is no 对 in font nullfont!
Missing character: There is no 于 in font nullfont!
Missing character: There is no 数 in font nullfont!
Missing character: There is no 据 in font nullfont!
Missing character: There is no 库 in font nullfont!
Missing character: There is no 的 in font nullfont!
Missing character: There is no 用 in font nullfont!
Missing character: There is no 户 in font nullfont!
Missing character: There is no 数 in font nullfont!
Missing character: There is no 据 in font nullfont!
Missing character: There is no 进 in font nullfont!
Missing character: There is no 行 in font nullfont!
Missing character: There is no 了 in font nullfont!
Missing character: There is no 统 in font nullfont!
Missing character: There is no 计 in font nullfont!
Missing character: There is no 。 in font nullfont!
Missing character: There is no 测 in font nullfont!
Missing character: There is no 试 in font nullfont!
Missing character: There is no 用 in font nullfont!
Missing character: There is no 户 in font nullfont!
Missing character: There is no 和 in font nullfont!
Missing character: There is no 数 in font nullfont!
Missing character: There is no 据 in font nullfont!
Missing character: There is no 库 in font nullfont!
Missing character: There is no 的 in font nullfont!
Missing character: There is no 用 in font nullfont!
Missing character: There is no 户 in font nullfont!
Missing character: There is no 的 in font nullfont!
Missing character: There is no 年 in font nullfont!
Missing character: There is no 龄 in font nullfont!
Missing character: There is no 分 in font nullfont!
Missing character: There is no 布 in font nullfont!
Missing character: There is no 如 in font nullfont!
Missing character: There is no 下 in font nullfont!
Missing character: There is no 图 in font nullfont!

! LaTeX Error: Environment figure undefined.

See the LaTeX manual or LaTeX Companion for explanation.
Type  H <return>  for immediate help.
 ...                                              
                                                  
l.16 \begin{figure}
                   [h]
Your command was ignored.
Type  I <command> <return>  to replace it with another command,
or  <return>  to continue without it.

Missing character: There is no [ in font nullfont!
Missing character: There is no h in font nullfont!
Missing character: There is no ] in font nullfont!
! Undefined control sequence.
l.21 \includegraphics
                     [width=\textwidth]{img/chap5/exp1.png}
The control sequence at the end of the top line
of your error message was never \def'ed. If you have
misspelled it (e.g., `\hobx'), type `I' and the correct
spelling (e.g., `I\hbox'). Otherwise just continue,
and I'll forget about whatever was undefined.

Missing character: There is no [ in font nullfont!
Missing character: There is no w in font nullfont!
Missing character: There is no i in font nullfont!
Missing character: There is no d in font nullfont!
Missing character: There is no t in font nullfont!
Missing character: There is no h in font nullfont!
Missing character: There is no = in font nullfont!
! Missing number, treated as zero.
<to be read again> 
                   ]
l.21 \includegraphics[width=\textwidth]
                                       {img/chap5/exp1.png}
A number should have been here; I inserted `0'.
(If you can't figure out why I needed to see a number,
look up `weird error' in the index to The TeXbook.)

! Illegal unit of measure (pt inserted).
<to be read again> 
                   ]
l.21 \includegraphics[width=\textwidth]
                                       {img/chap5/exp1.png}
Dimensions can be in units of em, ex, in, pt, pc,
cm, mm, dd, cc, bp, or sp; but yours is a new one!
I'll assume that you meant to say pt, for printer's points.
To recover gracefully from this error, it's best to
delete the erroneous units; e.g., type `2' to delete
two letters. (See Chapter 27 of The TeXbook.)

Missing character: There is no ] in font nullfont!
Missing character: There is no i in font nullfont!
Missing character: There is no m in font nullfont!
Missing character: There is no g in font nullfont!
Missing character: There is no / in font nullfont!
Missing character: There is no c in font nullfont!
Missing character: There is no h in font nullfont!
Missing character: There is no a in font nullfont!
Missing character: There is no p in font nullfont!
Missing character: There is no 5 in font nullfont!
Missing character: There is no / in font nullfont!
Missing character: There is no e in font nullfont!
Missing character: There is no x in font nullfont!
Missing character: There is no p in font nullfont!
Missing character: There is no 1 in font nullfont!
Missing character: There is no . in font nullfont!
Missing character: There is no p in font nullfont!
Missing character: There is no n in font nullfont!
Missing character: There is no g in font nullfont!

! LaTeX Error: \caption outside float.

See the LaTeX manual or LaTeX Companion for explanation.
Type  H <return>  for immediate help.
 ...                                              
                                                  
l.22 \caption
             {年龄分布\label{instagram}}
You're in trouble here.  Try typing  <return>  to proceed.
If that doesn't work, type  X <return>  to quit.

Missing character: There is no 年 in font nullfont!
Missing character: There is no 龄 in font nullfont!
Missing character: There is no 分 in font nullfont!
Missing character: There is no 布 in font nullfont!

! LaTeX Error: \begin{document} ended by \end{figure}.

See the LaTeX manual or LaTeX Companion for explanation.
Type  H <return>  for immediate help.
 ...                                              
                                                  
l.24 \end{figure}
                 
Your command was ignored.
Type  I <command> <return>  to replace it with another command,
or  <return>  to continue without it.

Missing character: There is no 通 in font nullfont!
Missing character: There is no 过 in font nullfont!
Missing character: There is no 上 in font nullfont!
Missing character: There is no 表 in font nullfont!
Missing character: There is no 我 in font nullfont!
Missing character: There is no 们 in font nullfont!
Missing character: There is no 可 in font nullfont!
Missing character: There is no 以 in font nullfont!
Missing character: There is no 看 in font nullfont!
Missing character: There is no 出 in font nullfont!
Missing character: There is no 在 in font nullfont!
Missing character: There is no 数 in font nullfont!
Missing character: There is no 据 in font nullfont!
Missing character: There is no 库 in font nullfont!
Missing character: There is no 中 in font nullfont!
Missing character: There is no 的 in font nullfont!
Missing character: There is no 用 in font nullfont!
Missing character: There is no 户 in font nullfont!
Missing character: There is no 的 in font nullfont!
Missing character: There is no 年 in font nullfont!
Missing character: There is no 龄 in font nullfont!
Missing character: There is no 都 in font nullfont!
Missing character: There is no 偏 in font nullfont!
Missing character: There is no 大 in font nullfont!
Missing character: There is no ， in font nullfont!
Missing character: There is no 超 in font nullfont!
Missing character: There is no 过 in font nullfont!
Missing character: There is no 半 in font nullfont!
Missing character: There is no 数 in font nullfont!
Missing character: There is no 的 in font nullfont!
Missing character: There is no 用 in font nullfont!
Missing character: There is no 户 in font nullfont!
Missing character: There is no 都 in font nullfont!
Missing character: There is no 超 in font nullfont!
Missing character: There is no 过 in font nullfont!
Missing character: There is no 了 in font nullfont!
Missing character: There is no 3 in font nullfont!
Missing character: There is no 0 in font nullfont!
Missing character: There is no 岁 in font nullfont!
Missing character: There is no ， in font nullfont!
Missing character: There is no 而 in font nullfont!
Missing character: There is no 测 in font nullfont!
Missing character: There is no 试 in font nullfont!
Missing character: There is no 用 in font nullfont!
Missing character: There is no 户 in font nullfont!
Missing character: There is no 却 in font nullfont!
Missing character: There is no 相 in font nullfont!
Missing character: There is no 反 in font nullfont!
Missing character: There is no 的 in font nullfont!
Missing character: There is no 半 in font nullfont!
Missing character: There is no 数 in font nullfont!
Missing character: There is no 以 in font nullfont!
Missing character: There is no 上 in font nullfont!
Missing character: There is no 都 in font nullfont!
Missing character: There is no 为 in font nullfont!
Missing character: There is no 3 in font nullfont!
Missing character: There is no 0 in font nullfont!
Missing character: There is no 岁 in font nullfont!
Missing character: There is no 以 in font nullfont!
Missing character: There is no 下 in font nullfont!
Missing character: There is no 的 in font nullfont!
Missing character: There is no 青 in font nullfont!
Missing character: There is no 年 in font nullfont!
Missing character: There is no 人 in font nullfont!
Missing character: There is no 。 in font nullfont!
Missing character: There is no 带 in font nullfont!
Missing character: There is no 来 in font nullfont!
Missing character: There is no 这 in font nullfont!
Missing character: There is no 种 in font nullfont!
Missing character: There is no 差 in font nullfont!
Missing character: There is no 异 in font nullfont!
Missing character: There is no 的 in font nullfont!
Missing character: There is no 原 in font nullfont!
Missing character: There is no 因 in font nullfont!
Missing character: There is no 主 in font nullfont!
Missing character: There is no 要 in font nullfont!
Missing character: There is no 是 in font nullfont!
Missing character: There is no 数 in font nullfont!
Missing character: There is no 据 in font nullfont!
Missing character: There is no 库 in font nullfont!
Missing character: There is no 数 in font nullfont!
Missing character: There is no 据 in font nullfont!
Missing character: There is no 来 in font nullfont!
Missing character: There is no 源 in font nullfont!
Missing character: There is no 的 in font nullfont!
Missing character: There is no 特 in font nullfont!
Missing character: There is no 性 in font nullfont!
Missing character: There is no ， in font nullfont!
Missing character: There is no 由 in font nullfont!
Missing character: There is no 于 in font nullfont!
Missing character: There is no 是 in font nullfont!
Missing character: There is no 婚 in font nullfont!
Missing character: There is no 恋 in font nullfont!
Missing character: There is no 网 in font nullfont!
Missing character: There is no 站 in font nullfont!
Missing character: There is no ， in font nullfont!
Missing character: There is no 所 in font nullfont!
Missing character: There is no 以 in font nullfont!
Missing character: There is no 大 in font nullfont!
Missing character: There is no 多 in font nullfont!
Missing character: There is no 数 in font nullfont!
Missing character: There is no 的 in font nullfont!
Missing character: There is no 用 in font nullfont!
Missing character: There is no 户 in font nullfont!
Missing character: There is no 年 in font nullfont!
Missing character: There is no 龄 in font nullfont!
Missing character: There is no 都 in font nullfont!
Missing character: There is no 偏 in font nullfont!
Missing character: There is no 大 in font nullfont!
Missing character: There is no ， in font nullfont!
Missing character: There is no 以 in font nullfont!
Missing character: There is no 及 in font nullfont!
Missing character: There is no 本 in font nullfont!
Missing character: There is no 文 in font nullfont!
Missing character: There is no 所 in font nullfont!
Missing character: There is no 邀 in font nullfont!
Missing character: There is no 请 in font nullfont!
Missing character: There is no 的 in font nullfont!
Missing character: There is no 用 in font nullfont!
Missing character: There is no 户 in font nullfont!
Missing character: There is no 的 in font nullfont!
Missing character: There is no 局 in font nullfont!
Missing character: There is no 限 in font nullfont!
Missing character: There is no 性 in font nullfont!
Missing character: There is no 主 in font nullfont!
Missing character: There is no 要 in font nullfont!
Missing character: There is no 限 in font nullfont!
Missing character: There is no 定 in font nullfont!
Missing character: There is no 在 in font nullfont!
Missing character: There is no 大 in font nullfont!
Missing character: There is no 学 in font nullfont!
Missing character: There is no 周 in font nullfont!
Missing character: There is no 围 in font nullfont!
Missing character: There is no 。 in font nullfont!
Missing character: There is no 由 in font nullfont!
Missing character: There is no 于 in font nullfont!
Missing character: There is no 年 in font nullfont!
Missing character: There is no 龄 in font nullfont!
Missing character: There is no 段 in font nullfont!
Missing character: There is no 的 in font nullfont!
Missing character: There is no 不 in font nullfont!
Missing character: There is no 同 in font nullfont!
Missing character: There is no ， in font nullfont!
Missing character: There is no 用 in font nullfont!
Missing character: There is no 户 in font nullfont!
Missing character: There is no 有 in font nullfont!
Missing character: There is no 着 in font nullfont!
Missing character: There is no 不 in font nullfont!
Missing character: There is no 同 in font nullfont!
Missing character: There is no 的 in font nullfont!
Missing character: There is no 兴 in font nullfont!
Missing character: There is no 趣 in font nullfont!
Missing character: There is no 和 in font nullfont!
Missing character: There is no 审 in font nullfont!
Missing character: There is no 美 in font nullfont!
Missing character: There is no 观 in font nullfont!
Missing character: There is no ， in font nullfont!
Missing character: There is no 而 in font nullfont!
Missing character: There is no 年 in font nullfont!
Missing character: There is no 龄 in font nullfont!
Missing character: There is no 差 in font nullfont!
Missing character: There is no 异 in font nullfont!
Missing character: There is no 过 in font nullfont!
Missing character: There is no 大 in font nullfont!
Missing character: There is no 的 in font nullfont!
Missing character: There is no 也 in font nullfont!
Missing character: There is no 并 in font nullfont!
Missing character: There is no 不 in font nullfont!
Missing character: There is no 适 in font nullfont!
Missing character: There is no 合 in font nullfont!
Missing character: There is no 称 in font nullfont!
Missing character: There is no 为 in font nullfont!
Missing character: There is no 一 in font nullfont!
Missing character: There is no 个 in font nullfont!
Missing character: There is no 社 in font nullfont!
Missing character: There is no 交 in font nullfont!
Missing character: There is no 圈 in font nullfont!
Missing character: There is no 子 in font nullfont!
Missing character: There is no 里 in font nullfont!
Missing character: There is no 的 in font nullfont!
Missing character: There is no 人 in font nullfont!
Missing character: There is no 。 in font nullfont!
Missing character: There is no 这 in font nullfont!
Missing character: There is no 种 in font nullfont!
Missing character: There is no 差 in font nullfont!
Missing character: There is no 异 in font nullfont!
Missing character: There is no 给 in font nullfont!
Missing character: There is no 匹 in font nullfont!
Missing character: There is no 配 in font nullfont!
Missing character: There is no 算 in font nullfont!
Missing character: There is no 法 in font nullfont!
Missing character: There is no 带 in font nullfont!
Missing character: There is no 来 in font nullfont!
Missing character: There is no 了 in font nullfont!
Missing character: There is no 一 in font nullfont!
Missing character: There is no 些 in font nullfont!
Missing character: There is no 不 in font nullfont!
Missing character: There is no 确 in font nullfont!
Missing character: There is no 定 in font nullfont!
Missing character: There is no 性 in font nullfont!
Missing character: There is no 。 in font nullfont!

Overfull \hbox (20.0pt too wide) in paragraph at lines 26--27
[] 
 []

Missing character: There is no 但 in font nullfont!
Missing character: There is no 随 in font nullfont!
Missing character: There is no 着 in font nullfont!
Missing character: There is no 图 in font nullfont!
Missing character: There is no 片 in font nullfont!
Missing character: There is no 技 in font nullfont!
Missing character: There is no 术 in font nullfont!
Missing character: There is no 的 in font nullfont!
Missing character: There is no 发 in font nullfont!
Missing character: There is no 展 in font nullfont!
Missing character: There is no （ in font nullfont!
Missing character: There is no 例 in font nullfont!
Missing character: There is no 如 in font nullfont!
Missing character: There is no M in font nullfont!
Missing character: There is no i in font nullfont!
Missing character: There is no c in font nullfont!
Missing character: There is no r in font nullfont!
Missing character: There is no o in font nullfont!
Missing character: There is no s in font nullfont!
Missing character: There is no o in font nullfont!
Missing character: There is no f in font nullfont!
Missing character: There is no t in font nullfont!
Missing character: There is no 的 in font nullfont!
Missing character: There is no H in font nullfont!
Missing character: There is no o in font nullfont!
Missing character: There is no w in font nullfont!
Missing character: There is no o in font nullfont!
Missing character: There is no l in font nullfont!
Missing character: There is no d in font nullfont!
Missing character: There is no ， in font nullfont!
Missing character: There is no 如 in font nullfont!
Missing character: There is no 图 in font nullfont!
Missing character: There is no 5 in font nullfont!
Missing character: There is no . in font nullfont!
Missing character: There is no 2 in font nullfont!
Missing character: There is no 所 in font nullfont!
Missing character: There is no 示 in font nullfont!
Missing character: There is no ， in font nullfont!
Missing character: There is no 可 in font nullfont!
Missing character: There is no 以 in font nullfont!
Missing character: There is no 大 in font nullfont!
Missing character: There is no 致 in font nullfont!
Missing character: There is no 检 in font nullfont!
Missing character: There is no 测 in font nullfont!
Missing character: There is no 出 in font nullfont!
Missing character: There is no 人 in font nullfont!
Missing character: There is no 的 in font nullfont!
Missing character: There is no 年 in font nullfont!
Missing character: There is no 龄 in font nullfont!
Missing character: There is no ） in font nullfont!
Missing character: There is no ， in font nullfont!
Missing character: There is no 使 in font nullfont!
Missing character: There is no 得 in font nullfont!
Missing character: There is no 我 in font nullfont!
Missing character: There is no 们 in font nullfont!
Missing character: There is no 可 in font nullfont!
Missing character: There is no 以 in font nullfont!
Missing character: There is no 在 in font nullfont!
Missing character: There is no 之 in font nullfont!
Missing character: There is no 后 in font nullfont!
Missing character: There is no 的 in font nullfont!
Missing character: There is no 工 in font nullfont!
Missing character: There is no 作 in font nullfont!
Missing character: There is no 中 in font nullfont!
Missing character: There is no ， in font nullfont!
Missing character: There is no 为 in font nullfont!
Missing character: There is no 用 in font nullfont!
Missing character: There is no 户 in font nullfont!
Missing character: There is no 添 in font nullfont!
Missing character: There is no 加 in font nullfont!
Missing character: There is no 上 in font nullfont!
Missing character: There is no 这 in font nullfont!
Missing character: There is no 一 in font nullfont!
Missing character: There is no 特 in font nullfont!
Missing character: There is no 征 in font nullfont!
Missing character: There is no 值 in font nullfont!
Missing character: There is no ， in font nullfont!
Missing character: There is no 从 in font nullfont!
Missing character: There is no 而 in font nullfont!
Missing character: There is no 进 in font nullfont!
Missing character: There is no 一 in font nullfont!
Missing character: There is no 步 in font nullfont!
Missing character: There is no 提 in font nullfont!
Missing character: There is no 供 in font nullfont!
Missing character: There is no 匹 in font nullfont!
Missing character: There is no 配 in font nullfont!
Missing character: There is no 算 in font nullfont!
Missing character: There is no 法 in font nullfont!
Missing character: There is no 的 in font nullfont!
Missing character: There is no 的 in font nullfont!
Missing character: There is no 准 in font nullfont!
Missing character: There is no 确 in font nullfont!
Missing character: There is no 性 in font nullfont!
Missing character: There is no ， in font nullfont!
Missing character: There is no 降 in font nullfont!
Missing character: There is no 低 in font nullfont!
Missing character: There is no 这 in font nullfont!
Missing character: There is no 种 in font nullfont!
Missing character: There is no 差 in font nullfont!
Missing character: There is no 异 in font nullfont!
Missing character: There is no 给 in font nullfont!
Missing character: There is no 我 in font nullfont!
Missing character: There is no 们 in font nullfont!
Missing character: There is no 算 in font nullfont!
Missing character: There is no 法 in font nullfont!
Missing character: There is no 带 in font nullfont!
Missing character: There is no 来 in font nullfont!
Missing character: There is no 的 in font nullfont!
Missing character: There is no 不 in font nullfont!
Missing character: There is no 确 in font nullfont!
Missing character: There is no 定 in font nullfont!
Missing character: There is no 性 in font nullfont!
Missing character: There is no 。 in font nullfont!

! LaTeX Error: Environment figure undefined.

See the LaTeX manual or LaTeX Companion for explanation.
Type  H <return>  for immediate help.
 ...                                              
                                                  
l.30 \begin{figure}
                   [h]
Your command was ignored.
Type  I <command> <return>  to replace it with another command,
or  <return>  to continue without it.

Missing character: There is no [ in font nullfont!
Missing character: There is no h in font nullfont!
Missing character: There is no ] in font nullfont!
! Undefined control sequence.
l.33 \includegraphics
                     [width=\textwidth]{img/chap5/how_old.png}
The control sequence at the end of the top line
of your error message was never \def'ed. If you have
misspelled it (e.g., `\hobx'), type `I' and the correct
spelling (e.g., `I\hbox'). Otherwise just continue,
and I'll forget about whatever was undefined.

Missing character: There is no [ in font nullfont!
Missing character: There is no w in font nullfont!
Missing character: There is no i in font nullfont!
Missing character: There is no d in font nullfont!
Missing character: There is no t in font nullfont!
Missing character: There is no h in font nullfont!
Missing character: There is no = in font nullfont!
! Missing number, treated as zero.
<to be read again> 
                   ]
l.33 \includegraphics[width=\textwidth]
                                       {img/chap5/how_old.png}
A number should have been here; I inserted `0'.
(If you can't figure out why I needed to see a number,
look up `weird error' in the index to The TeXbook.)

! Illegal unit of measure (pt inserted).
<to be read again> 
                   ]
l.33 \includegraphics[width=\textwidth]
                                       {img/chap5/how_old.png}
Dimensions can be in units of em, ex, in, pt, pc,
cm, mm, dd, cc, bp, or sp; but yours is a new one!
I'll assume that you meant to say pt, for printer's points.
To recover gracefully from this error, it's best to
delete the erroneous units; e.g., type `2' to delete
two letters. (See Chapter 27 of The TeXbook.)

Missing character: There is no ] in font nullfont!
Missing character: There is no i in font nullfont!
Missing character: There is no m in font nullfont!
Missing character: There is no g in font nullfont!
Missing character: There is no / in font nullfont!
Missing character: There is no c in font nullfont!
Missing character: There is no h in font nullfont!
Missing character: There is no a in font nullfont!
Missing character: There is no p in font nullfont!
Missing character: There is no 5 in font nullfont!
Missing character: There is no / in font nullfont!
Missing character: There is no h in font nullfont!
Missing character: There is no o in font nullfont!
Missing character: There is no w in font nullfont!
! Missing $ inserted.
<inserted text> 
                $
l.33 ...egraphics[width=\textwidth]{img/chap5/how_
                                                  old.png}
I've inserted a begin-math/end-math symbol since I think
you left one out. Proceed, with fingers crossed.

LaTeX Font Info:    External font `cmex10' loaded for size
(Font)              <7> on input line 33.
LaTeX Font Info:    External font `cmex10' loaded for size
(Font)              <5> on input line 33.
! Extra }, or forgotten $.
l.33 ...s[width=\textwidth]{img/chap5/how_old.png}
                                                  
I've deleted a group-closing symbol because it seems to be
spurious, as in `$x}$'. But perhaps the } is legitimate and
you forgot something else, as in `\hbox{$x}'. In such cases
the way to recover is to insert both the forgotten and the
deleted material, e.g., by typing `I$}'.


! LaTeX Error: \caption outside float.

See the LaTeX manual or LaTeX Companion for explanation.
Type  H <return>  for immediate help.
 ...                                              
                                                  
l.34 \caption
             {How old from Microsoft\label{Face++API}}
You're in trouble here.  Try typing  <return>  to proceed.
If that doesn't work, type  X <return>  to quit.

! Missing $ inserted.
<inserted text> 
                $
l.35 \end{minipage}
                   
I've inserted a begin-math/end-math symbol since I think
you left one out. Proceed, with fingers crossed.


Overfull \hbox (136.44699pt too wide) in paragraph at lines 33--35
 []$[]\OML/cmm/m/it/10 ld:png[]$ 
 []

! Missing } inserted.
<inserted text> 
                }
l.35 \end{minipage}
                   
I've inserted something that you may have forgotten.
(See the <inserted text> above.)
With luck, this will get me unwedged. But if you
really didn't forget anything, try typing `2' now; then
my insertion and my current dilemma will both disappear.


! LaTeX Error: \begin{document} ended by \end{figure}.

See the LaTeX manual or LaTeX Companion for explanation.
Type  H <return>  for immediate help.
 ...                                              
                                                  
l.36 \end{figure}
                 
Your command was ignored.
Type  I <command> <return>  to replace it with another command,
or  <return>  to continue without it.


Overfull \hbox (20.0pt too wide) in paragraph at lines 29--37
[]
 []

! Undefined control sequence.
l.38 \subsection
                {实验结果}
The control sequence at the end of the top line
of your error message was never \def'ed. If you have
misspelled it (e.g., `\hobx'), type `I' and the correct
spelling (e.g., `I\hbox'). Otherwise just continue,
and I'll forget about whatever was undefined.

Missing character: There is no 实 in font nullfont!
Missing character: There is no 验 in font nullfont!
Missing character: There is no 结 in font nullfont!
Missing character: There is no 果 in font nullfont!
Missing character: There is no 总 in font nullfont!
Missing character: There is no 共 in font nullfont!
Missing character: There is no 2 in font nullfont!
Missing character: There is no 0 in font nullfont!
Missing character: There is no 人 in font nullfont!
Missing character: There is no 参 in font nullfont!
Missing character: There is no 加 in font nullfont!
Missing character: There is no 了 in font nullfont!
Missing character: There is no 该 in font nullfont!
Missing character: There is no 实 in font nullfont!
Missing character: There is no 验 in font nullfont!
Missing character: There is no 的 in font nullfont!
Missing character: There is no 测 in font nullfont!
Missing character: There is no 试 in font nullfont!
Missing character: There is no ， in font nullfont!
Missing character: There is no 该 in font nullfont!
Missing character: There is no 实 in font nullfont!
Missing character: There is no 验 in font nullfont!
Missing character: There is no 的 in font nullfont!
Missing character: There is no 满 in font nullfont!
Missing character: There is no 意 in font nullfont!
Missing character: There is no 度 in font nullfont!
Missing character: There is no 的 in font nullfont!
Missing character: There is no 分 in font nullfont!
Missing character: There is no 数 in font nullfont!
Missing character: There is no 为 in font nullfont!
Missing character: There is no 1 in font nullfont!
Missing character: There is no - in font nullfont!
Missing character: There is no 1 in font nullfont!
Missing character: There is no 0 in font nullfont!
Missing character: There is no 分 in font nullfont!
Missing character: There is no ， in font nullfont!
Missing character: There is no 测 in font nullfont!
Missing character: There is no 试 in font nullfont!
Missing character: There is no 用 in font nullfont!
Missing character: There is no 户 in font nullfont!
Missing character: There is no 对 in font nullfont!
Missing character: There is no 于 in font nullfont!
Missing character: There is no 一 in font nullfont!
Missing character: There is no 个 in font nullfont!
Missing character: There is no 测 in font nullfont!
Missing character: There is no 试 in font nullfont!
Missing character: There is no 算 in font nullfont!
Missing character: There is no 法 in font nullfont!
Missing character: There is no 给 in font nullfont!
Missing character: There is no 出 in font nullfont!
Missing character: There is no 的 in font nullfont!
Missing character: There is no 5 in font nullfont!
Missing character: There is no 个 in font nullfont!
Missing character: There is no 推 in font nullfont!
Missing character: There is no 荐 in font nullfont!
Missing character: There is no 好 in font nullfont!
Missing character: There is no 友 in font nullfont!
Missing character: There is no 进 in font nullfont!
Missing character: There is no 行 in font nullfont!
Missing character: There is no 评 in font nullfont!
Missing character: There is no 分 in font nullfont!
Missing character: There is no ， in font nullfont!
Missing character: There is no 最 in font nullfont!
Missing character: There is no 后 in font nullfont!
Missing character: There is no 去 in font nullfont!
Missing character: There is no 一 in font nullfont!
Missing character: There is no 个 in font nullfont!
Missing character: There is no 平 in font nullfont!
Missing character: There is no 均 in font nullfont!
Missing character: There is no 值 in font nullfont!
Missing character: There is no 作 in font nullfont!
Missing character: There is no 为 in font nullfont!
Missing character: There is no 最 in font nullfont!
Missing character: There is no 终 in font nullfont!
Missing character: There is no 的 in font nullfont!
Missing character: There is no 检 in font nullfont!
Missing character: There is no 测 in font nullfont!
Missing character: There is no 结 in font nullfont!
Missing character: There is no 果 in font nullfont!
Missing character: There is no 。 in font nullfont!
Missing character: There is no 而 in font nullfont!
Missing character: There is no 对 in font nullfont!
Missing character: There is no 于 in font nullfont!
Missing character: There is no 不 in font nullfont!
Missing character: There is no 同 in font nullfont!
Missing character: There is no 的 in font nullfont!
Missing character: There is no 匹 in font nullfont!
Missing character: There is no 配 in font nullfont!
Missing character: There is no 算 in font nullfont!
Missing character: There is no 法 in font nullfont!
Missing character: There is no 的 in font nullfont!
Missing character: There is no 满 in font nullfont!
Missing character: There is no 意 in font nullfont!
Missing character: There is no 度 in font nullfont!
Missing character: There is no 的 in font nullfont!
Missing character: There is no 结 in font nullfont!
Missing character: There is no 果 in font nullfont!
Missing character: There is no 如 in font nullfont!
Missing character: There is no 下 in font nullfont!
Missing character: There is no 图 in font nullfont!
Missing character: There is no 。 in font nullfont!

! LaTeX Error: Environment figure undefined.

See the LaTeX manual or LaTeX Companion for explanation.
Type  H <return>  for immediate help.
 ...                                              
                                                  
l.40 \begin{figure}
                   [h]
Your command was ignored.
Type  I <command> <return>  to replace it with another command,
or  <return>  to continue without it.

Missing character: There is no [ in font nullfont!
Missing character: There is no h in font nullfont!
Missing character: There is no ] in font nullfont!
! Undefined control sequence.
l.43 \includegraphics
                     [width=\textwidth]{img/chap5/exp1.png}
The control sequence at the end of the top line
of your error message was never \def'ed. If you have
misspelled it (e.g., `\hobx'), type `I' and the correct
spelling (e.g., `I\hbox'). Otherwise just continue,
and I'll forget about whatever was undefined.

Missing character: There is no [ in font nullfont!
Missing character: There is no w in font nullfont!
Missing character: There is no i in font nullfont!
Missing character: There is no d in font nullfont!
Missing character: There is no t in font nullfont!
Missing character: There is no h in font nullfont!
Missing character: There is no = in font nullfont!
! Missing number, treated as zero.
<to be read again> 
                   ]
l.43 \includegraphics[width=\textwidth]
                                       {img/chap5/exp1.png}
A number should have been here; I inserted `0'.
(If you can't figure out why I needed to see a number,
look up `weird error' in the index to The TeXbook.)

! Illegal unit of measure (pt inserted).
<to be read again> 
                   ]
l.43 \includegraphics[width=\textwidth]
                                       {img/chap5/exp1.png}
Dimensions can be in units of em, ex, in, pt, pc,
cm, mm, dd, cc, bp, or sp; but yours is a new one!
I'll assume that you meant to say pt, for printer's points.
To recover gracefully from this error, it's best to
delete the erroneous units; e.g., type `2' to delete
two letters. (See Chapter 27 of The TeXbook.)

Missing character: There is no ] in font nullfont!
Missing character: There is no i in font nullfont!
Missing character: There is no m in font nullfont!
Missing character: There is no g in font nullfont!
Missing character: There is no / in font nullfont!
Missing character: There is no c in font nullfont!
Missing character: There is no h in font nullfont!
Missing character: There is no a in font nullfont!
Missing character: There is no p in font nullfont!
Missing character: There is no 5 in font nullfont!
Missing character: There is no / in font nullfont!
Missing character: There is no e in font nullfont!
Missing character: There is no x in font nullfont!
Missing character: There is no p in font nullfont!
Missing character: There is no 1 in font nullfont!
Missing character: There is no . in font nullfont!
Missing character: There is no p in font nullfont!
Missing character: There is no n in font nullfont!
Missing character: There is no g in font nullfont!

! LaTeX Error: \caption outside float.

See the LaTeX manual or LaTeX Companion for explanation.
Type  H <return>  for immediate help.
 ...                                              
                                                  
l.44 \caption
             {满意度统计结果\label{instagram}}
You're in trouble here.  Try typing  <return>  to proceed.
If that doesn't work, type  X <return>  to quit.

Missing character: There is no 满 in font nullfont!
Missing character: There is no 意 in font nullfont!
Missing character: There is no 度 in font nullfont!
Missing character: There is no 统 in font nullfont!
Missing character: There is no 计 in font nullfont!
Missing character: There is no 结 in font nullfont!
Missing character: There is no 果 in font nullfont!

! LaTeX Error: \begin{document} ended by \end{figure}.

See the LaTeX manual or LaTeX Companion for explanation.
Type  H <return>  for immediate help.
 ...                                              
                                                  
l.46 \end{figure}
                 
Your command was ignored.
Type  I <command> <return>  to replace it with another command,
or  <return>  to continue without it.

Missing character: There is no 从 in font nullfont!
Missing character: There is no 表 in font nullfont!
Missing character: There is no 中 in font nullfont!
Missing character: There is no 可 in font nullfont!
Missing character: There is no 以 in font nullfont!
Missing character: There is no 看 in font nullfont!
Missing character: There is no 出 in font nullfont!
Missing character: There is no 由 in font nullfont!
Missing character: There is no 于 in font nullfont!
Missing character: There is no 加 in font nullfont!
Missing character: There is no 入 in font nullfont!
Missing character: There is no 了 in font nullfont!
Missing character: There is no 更 in font nullfont!
Missing character: There is no 多 in font nullfont!
Missing character: There is no 的 in font nullfont!
Missing character: There is no 一 in font nullfont!
Missing character: There is no 些 in font nullfont!
Missing character: There is no 特 in font nullfont!
Missing character: There is no 征 in font nullfont!
Missing character: There is no 到 in font nullfont!
Missing character: There is no 了 in font nullfont!
Missing character: There is no 匹 in font nullfont!
Missing character: There is no 配 in font nullfont!
Missing character: There is no 算 in font nullfont!
Missing character: There is no 法 in font nullfont!
Missing character: There is no 中 in font nullfont!
Missing character: There is no ， in font nullfont!
Missing character: There is no 用 in font nullfont!
Missing character: There is no 户 in font nullfont!
Missing character: There is no 的 in font nullfont!
Missing character: There is no 满 in font nullfont!
Missing character: There is no 意 in font nullfont!
Missing character: There is no 度 in font nullfont!
Missing character: There is no 有 in font nullfont!
Missing character: There is no 了 in font nullfont!
Missing character: There is no 一 in font nullfont!
Missing character: There is no 定 in font nullfont!
Missing character: There is no 的 in font nullfont!
Missing character: There is no 提 in font nullfont!
Missing character: There is no 升 in font nullfont!
Missing character: There is no 。 in font nullfont!

Overfull \hbox (20.0pt too wide) in paragraph at lines 38--53
[]
 []

)
! Emergency stop.
<*> chap5.tex
             
*** (job aborted, no legal \end found)

 
Here is how much of TeX's memory you used:
 10 strings out of 493918
 93 string characters out of 6148600
 52462 words of memory out of 5000000
 3434 multiletter control sequences out of 15000+600000
 3640 words of font info for 14 fonts, out of 8000000 for 9000
 1144 hyphenation exceptions out of 8191
 18i,4n,12p,213b,118s stack positions out of 5000i,500n,10000p,200000b,80000s
No pages of output.
