This is XeTeX, Version 3.1415926-2.5-0.9999.3 (TeX Live 2013) (format=xelatex 2014.6.2)  24 MAY 2015 15:08
entering extended mode
 \write18 enabled.
 %&-line parsing enabled.
**chap3.tex
(./chap3.tex
LaTeX2e <2011/06/27>
Babel <3.9k> and hyphenation patterns for 78 languages loaded.
! Undefined control sequence.
l.5 \chapter
            {ç³»ç»Ÿè®¾è®¡}
The control sequence at the end of the top line
of your error message was never \def'ed. If you have
misspelled it (e.g., `\hobx'), type `I' and the correct
spelling (e.g., `I\hbox'). Otherwise just continue,
and I'll forget about whatever was undefined.


! LaTeX Error: Missing \begin{document}.

See the LaTeX manual or LaTeX Companion for explanation.
Type  H <return>  for immediate help.
 ...                                              
                                                  
l.5 \chapter{ç³»
                ç»Ÿè®¾è®¡}
You're in trouble here.  Try typing  <return>  to proceed.
If that doesn't work, type  X <return>  to quit.

Missing character: There is no ç³» in font nullfont!
Missing character: There is no ç»Ÿ in font nullfont!
Missing character: There is no è®¾ in font nullfont!
Missing character: There is no è®¡ in font nullfont!

Overfull \hbox (20.0pt too wide) in paragraph at lines 5--6
[] 
 []

! Undefined control sequence.
l.7 \section
            {åŒ¹é…ç®—æ³•è®¾è®¡}
The control sequence at the end of the top line
of your error message was never \def'ed. If you have
misspelled it (e.g., `\hobx'), type `I' and the correct
spelling (e.g., `I\hbox'). Otherwise just continue,
and I'll forget about whatever was undefined.


! LaTeX Error: Missing \begin{document}.

See the LaTeX manual or LaTeX Companion for explanation.
Type  H <return>  for immediate help.
 ...                                              
                                                  
l.7 \section{åŒ¹
                é…ç®—æ³•è®¾è®¡}
You're in trouble here.  Try typing  <return>  to proceed.
If that doesn't work, type  X <return>  to quit.

Missing character: There is no åŒ¹ in font nullfont!
Missing character: There is no é… in font nullfont!
Missing character: There is no ç®— in font nullfont!
Missing character: There is no æ³• in font nullfont!
Missing character: There is no è®¾ in font nullfont!
Missing character: There is no è®¡ in font nullfont!
Missing character: There is no åœ¨ in font nullfont!
Missing character: There is no åº” in font nullfont!
Missing character: There is no ç”¨ in font nullfont!
Missing character: There is no ä¸Š in font nullfont!
Missing character: There is no , in font nullfont!

Overfull \hbox (20.0pt too wide) in paragraph at lines 7--9
[]
 []


! LaTeX Error: Missing \begin{document}.

See the LaTeX manual or LaTeX Companion for explanation.
Type  H <return>  for immediate help.
 ...                                              
                                                  
l.10 å¯¹
        äºåŒ¹é…ç®—æ³•çš„è®¾è®¡ï¼Œä¸»è¦çš„æ€æƒ³æ˜¯æ¢ç©¶å‡ºä¸€ç§åŸºäºç”...

You're in trouble here.  Try typing  <return>  to proceed.
If that doesn't work, type  X <return>  to quit.

Missing character: There is no å¯¹ in font nullfont!
Missing character: There is no äº in font nullfont!
Missing character: There is no åŒ¹ in font nullfont!
Missing character: There is no é… in font nullfont!
Missing character: There is no ç®— in font nullfont!
Missing character: There is no æ³• in font nullfont!
Missing character: There is no çš„ in font nullfont!
Missing character: There is no è®¾ in font nullfont!
Missing character: There is no è®¡ in font nullfont!
Missing character: There is no ï¼Œ in font nullfont!
Missing character: There is no ä¸» in font nullfont!
Missing character: There is no è¦ in font nullfont!
Missing character: There is no çš„ in font nullfont!
Missing character: There is no æ€ in font nullfont!
Missing character: There is no æƒ³ in font nullfont!
Missing character: There is no æ˜¯ in font nullfont!
Missing character: There is no æ¢ in font nullfont!
Missing character: There is no ç©¶ in font nullfont!
Missing character: There is no å‡º in font nullfont!
Missing character: There is no ä¸€ in font nullfont!
Missing character: There is no ç§ in font nullfont!
Missing character: There is no åŸº in font nullfont!
Missing character: There is no äº in font nullfont!
Missing character: There is no ç”¨ in font nullfont!
Missing character: There is no æˆ· in font nullfont!
Missing character: There is no ç‰¹ in font nullfont!
Missing character: There is no å¾ in font nullfont!
Missing character: There is no ä¿¡ in font nullfont!
Missing character: There is no æ¯ in font nullfont!
Missing character: There is no æ¥ in font nullfont!
Missing character: There is no æ¨ in font nullfont!
Missing character: There is no è in font nullfont!
Missing character: There is no ä¸ in font nullfont!
Missing character: There is no ç”¨ in font nullfont!
Missing character: There is no æˆ· in font nullfont!
Missing character: There is no å¿— in font nullfont!
Missing character: There is no è¶£ in font nullfont!
Missing character: There is no ç›¸ in font nullfont!
Missing character: There is no æŠ• in font nullfont!
Missing character: There is no çš„ in font nullfont!
Missing character: There is no äºº in font nullfont!
Missing character: There is no ï¼Œ in font nullfont!
Missing character: There is no æ‰€ in font nullfont!
Missing character: There is no ä»¥ in font nullfont!
Missing character: There is no å…¶ in font nullfont!
Missing character: There is no ä¸­ in font nullfont!
Missing character: There is no å¿… in font nullfont!
Missing character: There is no é¡» in font nullfont!
Missing character: There is no è¦ in font nullfont!
Missing character: There is no è€ƒ in font nullfont!
Missing character: There is no è™‘ in font nullfont!
Missing character: There is no åˆ° in font nullfont!
Missing character: There is no æ˜¯ in font nullfont!
Missing character: There is no ç° in font nullfont!
Missing character: There is no å® in font nullfont!
Missing character: There is no ç”¨ in font nullfont!
Missing character: There is no æˆ· in font nullfont!
Missing character: There is no å¯¹ in font nullfont!
Missing character: There is no åŒ¹ in font nullfont!
Missing character: There is no ç®— in font nullfont!
Missing character: There is no ç®— in font nullfont!
Missing character: There is no æ³• in font nullfont!
Missing character: There is no å® in font nullfont!
Missing character: There is no é™… in font nullfont!
Missing character: There is no æ•ˆ in font nullfont!
Missing character: There is no æœ in font nullfont!
Missing character: There is no çš„ in font nullfont!
Missing character: There is no æ»¡ in font nullfont!
Missing character: There is no æ„ in font nullfont!
Missing character: There is no ç¨‹ in font nullfont!
Missing character: There is no åº¦ in font nullfont!
Missing character: There is no ã€‚ in font nullfont!
Missing character: There is no ä¹‹ in font nullfont!
Missing character: There is no å in font nullfont!
Missing character: There is no å¯¹ in font nullfont!
Missing character: There is no äº in font nullfont!
Missing character: There is no ä¸ in font nullfont!
Missing character: There is no åŒ in font nullfont!
Missing character: There is no çš„ in font nullfont!
Missing character: There is no æ„ in font nullfont!
Missing character: There is no è§ in font nullfont!
Missing character: There is no ï¼Œ in font nullfont!
Missing character: There is no å¯¹ in font nullfont!
Missing character: There is no äº in font nullfont!
Missing character: There is no åŒ¹ in font nullfont!
Missing character: There is no é… in font nullfont!
Missing character: There is no ç®— in font nullfont!
Missing character: There is no æ³• in font nullfont!
Missing character: There is no å† in font nullfont!
Missing character: There is no è¿› in font nullfont!
Missing character: There is no è¡Œ in font nullfont!
Missing character: There is no ä¸ in font nullfont!
Missing character: There is no æ–­ in font nullfont!
Missing character: There is no å¯¹ in font nullfont!
Missing character: There is no åº” in font nullfont!
Missing character: There is no çš„ in font nullfont!
Missing character: There is no è°ƒ in font nullfont!
Missing character: There is no æ•´ in font nullfont!
Missing character: There is no ï¼Œ in font nullfont!
Missing character: There is no ä» in font nullfont!
Missing character: There is no è€Œ in font nullfont!
Missing character: There is no å¾— in font nullfont!
Missing character: There is no åˆ° in font nullfont!
Missing character: There is no ä¸€ in font nullfont!
Missing character: There is no ä¸ª in font nullfont!
Missing character: There is no ç›¸ in font nullfont!
Missing character: There is no å¯¹ in font nullfont!
Missing character: There is no æœ€ in font nullfont!
Missing character: There is no ä¼˜ in font nullfont!
Missing character: There is no çš„ in font nullfont!
Missing character: There is no ç®— in font nullfont!
Missing character: There is no æ³• in font nullfont!
Missing character: There is no ã€‚ in font nullfont!
Missing character: There is no æ•… in font nullfont!
Missing character: There is no æ­¤ in font nullfont!
Missing character: There is no ï¼Œ in font nullfont!
Missing character: There is no æœ¬ in font nullfont!
Missing character: There is no æ–‡ in font nullfont!
Missing character: There is no å‡† in font nullfont!
Missing character: There is no å¤‡ in font nullfont!
Missing character: There is no é‡‡ in font nullfont!
Missing character: There is no å– in font nullfont!
Missing character: There is no ä¸ in font nullfont!
Missing character: There is no åŒ in font nullfont!
Missing character: There is no çš„ in font nullfont!
Missing character: There is no åŒ¹ in font nullfont!
Missing character: There is no é… in font nullfont!
Missing character: There is no ç®— in font nullfont!
Missing character: There is no æ³• in font nullfont!
Missing character: There is no æ¥ in font nullfont!
Missing character: There is no å® in font nullfont!
Missing character: There is no éªŒ in font nullfont!
Missing character: There is no ï¼Œ in font nullfont!
Missing character: There is no é€‰ in font nullfont!
Missing character: There is no å– in font nullfont!
Missing character: There is no å‡º in font nullfont!
Missing character: There is no å® in font nullfont!
Missing character: There is no éªŒ in font nullfont!
Missing character: There is no æ•ˆ in font nullfont!
Missing character: There is no æœ in font nullfont!
Missing character: There is no æœ€ in font nullfont!
Missing character: There is no å¥½ in font nullfont!
Missing character: There is no çš„ in font nullfont!
Missing character: There is no æ¥ in font nullfont!
Missing character: There is no å½“ in font nullfont!
Missing character: There is no ä½œ in font nullfont!
Missing character: There is no æœ€ in font nullfont!
Missing character: There is no ç»ˆ in font nullfont!
Missing character: There is no å® in font nullfont!
Missing character: There is no æ–½ in font nullfont!
Missing character: There is no åœ¨ in font nullfont!
Missing character: There is no åº” in font nullfont!
Missing character: There is no ç”¨ in font nullfont!
Missing character: There is no ä¸Š in font nullfont!
Missing character: There is no çš„ in font nullfont!
Missing character: There is no ç®— in font nullfont!
Missing character: There is no æ³• in font nullfont!
Missing character: There is no ã€‚ in font nullfont!
Missing character: There is no åŒ in font nullfont!
Missing character: There is no æ—¶ in font nullfont!
Missing character: There is no ï¼Œ in font nullfont!
Missing character: There is no è¯¥ in font nullfont!
Missing character: There is no ç®— in font nullfont!
Missing character: There is no æ³• in font nullfont!
Missing character: There is no å¯ in font nullfont!
Missing character: There is no ä»¥ in font nullfont!
Missing character: There is no æ ¹ in font nullfont!
Missing character: There is no æ® in font nullfont!
Missing character: There is no ç”¨ in font nullfont!
Missing character: There is no æˆ· in font nullfont!
Missing character: There is no çš„ in font nullfont!
Missing character: There is no å in font nullfont!
Missing character: There is no é¦ˆ in font nullfont!
Missing character: There is no æ¥ in font nullfont!
Missing character: There is no è°ƒ in font nullfont!
Missing character: There is no æ•´ in font nullfont!
Missing character: There is no ç”¨ in font nullfont!
Missing character: There is no æˆ· in font nullfont!
Missing character: There is no çš„ in font nullfont!
Missing character: There is no ä¿¡ in font nullfont!
Missing character: There is no æ¯ in font nullfont!
Missing character: There is no çš„ in font nullfont!
Missing character: There is no é€‚ in font nullfont!
Missing character: There is no åº” in font nullfont!
Missing character: There is no æ€§ in font nullfont!
Missing character: There is no ï¼Œ in font nullfont!
Missing character: There is no ä» in font nullfont!
Missing character: There is no è€Œ in font nullfont!
Missing character: There is no å® in font nullfont!
Missing character: There is no ç° in font nullfont!
Missing character: There is no ç¨‹ in font nullfont!
Missing character: There is no åº in font nullfont!
Missing character: There is no çš„ in font nullfont!
Missing character: There is no è‡ª in font nullfont!
Missing character: There is no åŠ¨ in font nullfont!
Missing character: There is no è°ƒ in font nullfont!
Missing character: There is no èŠ‚ in font nullfont!
Missing character: There is no ã€‚ in font nullfont!
! Undefined control sequence.
l.11 \subsection
                {åŸºäºäººè„¸ç›¸ä¼¼åº¦çš„ç®—æ³•è®¾è®¡}
The control sequence at the end of the top line
of your error message was never \def'ed. If you have
misspelled it (e.g., `\hobx'), type `I' and the correct
spelling (e.g., `I\hbox'). Otherwise just continue,
and I'll forget about whatever was undefined.

Missing character: There is no åŸº in font nullfont!
Missing character: There is no äº in font nullfont!
Missing character: There is no äºº in font nullfont!
Missing character: There is no è„¸ in font nullfont!
Missing character: There is no ç›¸ in font nullfont!
Missing character: There is no ä¼¼ in font nullfont!
Missing character: There is no åº¦ in font nullfont!
Missing character: There is no çš„ in font nullfont!
Missing character: There is no ç®— in font nullfont!
Missing character: There is no æ³• in font nullfont!
Missing character: There is no è®¾ in font nullfont!
Missing character: There is no è®¡ in font nullfont!
Missing character: There is no è®¾ in font nullfont!
Missing character: There is no å˜ in font nullfont!
Missing character: There is no é‡ in font nullfont!
Missing character: There is no ã€‚ in font nullfont!
Missing character: There is no ã€‚ in font nullfont!
Missing character: There is no ä»¥ in font nullfont!
Missing character: There is no f in font nullfont!
Missing character: There is no å½“ in font nullfont!
Missing character: There is no ä½œ in font nullfont!
Missing character: There is no äºº in font nullfont!
Missing character: There is no è„¸ in font nullfont!
Missing character: There is no ç›¸ in font nullfont!
Missing character: There is no ä¼¼ in font nullfont!
Missing character: There is no åº¦ in font nullfont!

Overfull \hbox (20.0pt too wide) in paragraph at lines 10--13
[]
 []

LaTeX Font Info:    External font `cmex10' loaded for size
(Font)              <7> on input line 13.
LaTeX Font Info:    External font `cmex10' loaded for size
(Font)              <5> on input line 13.
! Undefined control sequence.
l.14    C = \mathop{\argmax
                           }_{c}{\sum_t{w^t_c}}%find how to write down the s...
The control sequence at the end of the top line
of your error message was never \def'ed. If you have
misspelled it (e.g., `\hobx'), type `I' and the correct
spelling (e.g., `I\hbox'). Otherwise just continue,
and I'll forget about whatever was undefined.


Overfull \hbox (53.78009pt too wide) detected at line 15
\OML/cmm/m/it/10 C \OT1/cmr/m/n/10 = [] []
 []

! Undefined control sequence.
l.17 \subsection
                {åŸºäºç”¨æˆ·ä¿¡æ¯çš„ç®—æ³•è®¾è®¡}
The control sequence at the end of the top line
of your error message was never \def'ed. If you have
misspelled it (e.g., `\hobx'), type `I' and the correct
spelling (e.g., `I\hbox'). Otherwise just continue,
and I'll forget about whatever was undefined.


! LaTeX Error: Missing \begin{document}.

See the LaTeX manual or LaTeX Companion for explanation.
Type  H <return>  for immediate help.
 ...                                              
                                                  
l.17 \subsection{åŸº
                    äºç”¨æˆ·ä¿¡æ¯çš„ç®—æ³•è®¾è®¡}
You're in trouble here.  Try typing  <return>  to proceed.
If that doesn't work, type  X <return>  to quit.

Missing character: There is no åŸº in font nullfont!
Missing character: There is no äº in font nullfont!
Missing character: There is no ç”¨ in font nullfont!
Missing character: There is no æˆ· in font nullfont!
Missing character: There is no ä¿¡ in font nullfont!
Missing character: There is no æ¯ in font nullfont!
Missing character: There is no çš„ in font nullfont!
Missing character: There is no ç®— in font nullfont!
Missing character: There is no æ³• in font nullfont!
Missing character: There is no è®¾ in font nullfont!
Missing character: There is no è®¡ in font nullfont!

Overfull \hbox (20.0pt too wide) in paragraph at lines 17--18
[] 
 []


! LaTeX Error: Missing \begin{document}.

See the LaTeX manual or LaTeX Companion for explanation.
Type  H <return>  for immediate help.
 ...                                              
                                                  
l.21 è¿™
        ä¸€æ­¥ä¸­,ç”¨æˆ·é¡»è¿›è¡Œå¯¹æ‰‹æŒ‡ç‚¹å‡»æ ‡ç­¾å’Œé”®ç›˜è¾“å…¥æ•°å­—ç...

You're in trouble here.  Try typing  <return>  to proceed.
If that doesn't work, type  X <return>  to quit.

Missing character: There is no è¿™ in font nullfont!
Missing character: There is no ä¸€ in font nullfont!
Missing character: There is no æ­¥ in font nullfont!
Missing character: There is no ä¸­ in font nullfont!
Missing character: There is no , in font nullfont!
Missing character: There is no ç”¨ in font nullfont!
Missing character: There is no æˆ· in font nullfont!
Missing character: There is no é¡» in font nullfont!
Missing character: There is no è¿› in font nullfont!
Missing character: There is no è¡Œ in font nullfont!
Missing character: There is no å¯¹ in font nullfont!
Missing character: There is no æ‰‹ in font nullfont!
Missing character: There is no æŒ‡ in font nullfont!
Missing character: There is no ç‚¹ in font nullfont!
Missing character: There is no å‡» in font nullfont!
Missing character: There is no æ ‡ in font nullfont!
Missing character: There is no ç­¾ in font nullfont!
Missing character: There is no å’Œ in font nullfont!
Missing character: There is no é”® in font nullfont!
Missing character: There is no ç›˜ in font nullfont!
Missing character: There is no è¾“ in font nullfont!
Missing character: There is no å…¥ in font nullfont!
Missing character: There is no æ•° in font nullfont!
Missing character: There is no å­— in font nullfont!
Missing character: There is no çš„ in font nullfont!
Missing character: There is no ä¸€ in font nullfont!
Missing character: There is no æ¬¡ in font nullfont!
Missing character: There is no æ€§ in font nullfont!
Missing character: There is no è®¾ in font nullfont!
Missing character: There is no å®š in font nullfont!
Missing character: There is no ã€‚ in font nullfont!
Missing character: There is no ä¸º in font nullfont!
Missing character: There is no äº† in font nullfont!
Missing character: There is no è¯† in font nullfont!
Missing character: There is no åˆ« in font nullfont!
Missing character: There is no è¾“ in font nullfont!
Missing character: There is no å…¥ in font nullfont!
Missing character: There is no çš„ in font nullfont!
Missing character: There is no æ‰‹ in font nullfont!
Missing character: There is no æŒ‡ in font nullfont!
Missing character: There is no ç‚¹ in font nullfont!
Missing character: There is no å‡» in font nullfont!
Missing character: There is no æ ‡ in font nullfont!
Missing character: There is no ç­¾ in font nullfont!
Missing character: There is no , in font nullfont!
Missing character: There is no ç”¨ in font nullfont!
Missing character: There is no æˆ· in font nullfont!
Missing character: There is no é¡» in font nullfont!
Missing character: There is no å‘ in font nullfont!
Missing character: There is no ç³» in font nullfont!
Missing character: There is no ç»Ÿ in font nullfont!
Missing character: There is no æ in font nullfont!
Missing character: There is no ä¾› in font nullfont!
Missing character: There is no å…³ in font nullfont!
Missing character: There is no äº in font nullfont!
Missing character: There is no å¤§ in font nullfont!
Missing character: There is no å° in font nullfont!
Missing character: There is no æ‰‹ in font nullfont!
Missing character: There is no æŒ‡ in font nullfont!
Missing character: There is no ç‚¹ in font nullfont!
Missing character: There is no å‡» in font nullfont!
Missing character: There is no äº‹ in font nullfont!
Missing character: There is no ä»¶ in font nullfont!
Missing character: There is no çš„ in font nullfont!
Missing character: There is no ç‰¹ in font nullfont!
Missing character: There is no å¾ in font nullfont!
Missing character: There is no å€¼ in font nullfont!
Missing character: There is no ã€‚ in font nullfont!
Missing character: There is no æ³¨ in font nullfont!
Missing character: There is no æ„ in font nullfont!
Missing character: There is no åˆ° in font nullfont!
Missing character: There is no , in font nullfont!
Missing character: There is no æ™º in font nullfont!
Missing character: There is no èƒ½ in font nullfont!
Missing character: There is no æ‰‹ in font nullfont!
Missing character: There is no æœº in font nullfont!
Missing character: There is no ä¸€ in font nullfont!
Missing character: There is no èˆ¬ in font nullfont!
Missing character: There is no æ˜¯ in font nullfont!
Missing character: There is no ç”± in font nullfont!
Missing character: There is no ä¸ª in font nullfont!
Missing character: There is no äºº in font nullfont!
Missing character: There is no æ‹¥ in font nullfont!
Missing character: There is no æœ‰ in font nullfont!
Missing character: There is no ä½¿ in font nullfont!
Missing character: There is no ç”¨ in font nullfont!
Missing character: There is no çš„ in font nullfont!
Missing character: There is no , in font nullfont!
Missing character: There is no å›  in font nullfont!
Missing character: There is no æ­¤ in font nullfont!
Missing character: There is no ä¸€ in font nullfont!
Missing character: There is no æ¬¡ in font nullfont!
Missing character: There is no æ€§ in font nullfont!
Missing character: There is no è®¾ in font nullfont!
Missing character: There is no å®š in font nullfont!
Missing character: There is no å¯¹ in font nullfont!
Missing character: There is no æ‰‹ in font nullfont!
Missing character: There is no æœº in font nullfont!
Missing character: There is no æ¥ in font nullfont!
Missing character: There is no è¯´ in font nullfont!
Missing character: There is no å·² in font nullfont!
Missing character: There is no ç» in font nullfont!
Missing character: There is no è¶³ in font nullfont!
Missing character: There is no å¤Ÿ in font nullfont!
Missing character: There is no å…… in font nullfont!
Missing character: There is no åˆ† in font nullfont!
Missing character: There is no æ¥ in font nullfont!
Missing character: There is no è¯† in font nullfont!
Missing character: There is no åˆ« in font nullfont!
Missing character: There is no å…¶ in font nullfont!
Missing character: There is no æ‹¥ in font nullfont!
Missing character: There is no æœ‰ in font nullfont!
Missing character: There is no è€… in font nullfont!
Missing character: There is no çš„ in font nullfont!
Missing character: There is no T in font nullfont!
Missing character: There is no a in font nullfont!
Missing character: There is no p in font nullfont!
Missing character: There is no L in font nullfont!
Missing character: There is no o in font nullfont!
Missing character: There is no c in font nullfont!
Missing character: There is no k in font nullfont!
Missing character: There is no å¯† in font nullfont!
Missing character: There is no ç  in font nullfont!
Missing character: There is no ã€‚ in font nullfont!

Overfull \hbox (20.0pt too wide) in paragraph at lines 21--22
[]
 []


! LaTeX Error: Missing \begin{document}.

See the LaTeX manual or LaTeX Companion for explanation.
Type  H <return>  for immediate help.
 ...                                              
                                                  
l.24 æ ¹
        æ®ç”¨æˆ·æä¾›çš„ä¿¡æ¯ï¼Œå°†æ­¤å½“ä½œä¸€ä¸ªå˜é‡æ·»åŠ åˆ°åŒ¹é…ç®...

You're in trouble here.  Try typing  <return>  to proceed.
If that doesn't work, type  X <return>  to quit.

Missing character: There is no æ ¹ in font nullfont!
Missing character: There is no æ® in font nullfont!
Missing character: There is no ç”¨ in font nullfont!
Missing character: There is no æˆ· in font nullfont!
Missing character: There is no æ in font nullfont!
Missing character: There is no ä¾› in font nullfont!
Missing character: There is no çš„ in font nullfont!
Missing character: There is no ä¿¡ in font nullfont!
Missing character: There is no æ¯ in font nullfont!
Missing character: There is no ï¼Œ in font nullfont!
Missing character: There is no å°† in font nullfont!
Missing character: There is no æ­¤ in font nullfont!
Missing character: There is no å½“ in font nullfont!
Missing character: There is no ä½œ in font nullfont!
Missing character: There is no ä¸€ in font nullfont!
Missing character: There is no ä¸ª in font nullfont!
Missing character: There is no å˜ in font nullfont!
Missing character: There is no é‡ in font nullfont!
Missing character: There is no æ·» in font nullfont!
Missing character: There is no åŠ  in font nullfont!
Missing character: There is no åˆ° in font nullfont!
Missing character: There is no åŒ¹ in font nullfont!
Missing character: There is no é… in font nullfont!
Missing character: There is no ç®— in font nullfont!
Missing character: There is no æ³• in font nullfont!
Missing character: There is no ä¸­ in font nullfont!
Missing character: There is no ï¼Œ in font nullfont!
Missing character: There is no å°† in font nullfont!
Missing character: There is no ç”¨ in font nullfont!
Missing character: There is no æˆ· in font nullfont!
Missing character: There is no ä¿¡ in font nullfont!
Missing character: There is no æ¯ in font nullfont!
Missing character: There is no æ in font nullfont!
Missing character: There is no ä¾› in font nullfont!
Missing character: There is no çš„ in font nullfont!
Missing character: There is no ä¿¡ in font nullfont!
Missing character: There is no æ¯ in font nullfont!
Missing character: There is no i in font nullfont!
Missing character: There is no è®¾ in font nullfont!
Missing character: There is no ä¸º in font nullfont!
Missing character: There is no x in font nullfont!
Missing character: There is no i in font nullfont!
Missing character: There is no ï¼Œ in font nullfont!
Missing character: There is no è€Œ in font nullfont!
Missing character: There is no å¯¹ in font nullfont!
Missing character: There is no åº” in font nullfont!
Missing character: There is no ä¸ in font nullfont!
Missing character: There is no åŒ in font nullfont!
Missing character: There is no çš„ in font nullfont!
Missing character: There is no ä¿¡ in font nullfont!
Missing character: There is no æ¯ in font nullfont!
Missing character: There is no i in font nullfont!
Missing character: There is no åº” in font nullfont!
Missing character: There is no è¯¥ in font nullfont!
Missing character: There is no å…· in font nullfont!
Missing character: There is no æœ‰ in font nullfont!
Missing character: There is no ä¸ in font nullfont!
Missing character: There is no åŒ in font nullfont!
Missing character: There is no çš„ in font nullfont!
Missing character: There is no åŒ¹ in font nullfont!
Missing character: There is no é… in font nullfont!
Missing character: There is no ç®— in font nullfont!
Missing character: There is no æ³• in font nullfont!
Missing character: There is no f in font nullfont!
Missing character: There is no i in font nullfont!
Missing character: There is no ï¼Œ in font nullfont!
Missing character: There is no ä¸¾ in font nullfont!
Missing character: There is no ä¸ª in font nullfont!
Missing character: There is no ä¾‹ in font nullfont!
Missing character: There is no å­ in font nullfont!
Missing character: There is no ï¼Œ in font nullfont!
Missing character: There is no æ¯” in font nullfont!
Missing character: There is no å¦‚ in font nullfont!
Missing character: There is no å¹´ in font nullfont!
Missing character: There is no é¾„ in font nullfont!
Missing character: There is no ä¿¡ in font nullfont!
Missing character: There is no æ¯ in font nullfont!
Missing character: There is no çš„ in font nullfont!
Missing character: There is no å¯ in font nullfont!
Missing character: There is no ç”¨ in font nullfont!
Missing character: There is no æ­£ in font nullfont!
Missing character: There is no æ€ in font nullfont!
Missing character: There is no åˆ† in font nullfont!
Missing character: There is no å¸ƒ in font nullfont!
Missing character: There is no çš„ in font nullfont!
Missing character: There is no å‡½ in font nullfont!
Missing character: There is no æ•° in font nullfont!
Missing character: There is no å¯¹ in font nullfont!
Missing character: There is no äº in font nullfont!
Missing character: There is no æ¨ in font nullfont!
Missing character: There is no è in font nullfont!
Missing character: There is no ç”¨ in font nullfont!
Missing character: There is no æˆ· in font nullfont!
Missing character: There is no å¹´ in font nullfont!
Missing character: There is no é¾„ in font nullfont!
Missing character: There is no çš„ in font nullfont!
Missing character: There is no è¿› in font nullfont!
Missing character: There is no è¡Œ in font nullfont!
Missing character: There is no ä¸€ in font nullfont!
Missing character: There is no ä¸ª in font nullfont!
Missing character: There is no åŒ¹ in font nullfont!
Missing character: There is no é… in font nullfont!
Missing character: There is no ï¼Œ in font nullfont!
Missing character: There is no å³ in font nullfont!
Missing character: There is no f in font nullfont!
Missing character: There is no i in font nullfont!
Missing character: There is no ( in font nullfont!
Missing character: There is no x in font nullfont!
Missing character: There is no i in font nullfont!
Missing character: There is no ) in font nullfont!
Missing character: There is no = in font nullfont!
Missing character: There is no æ­£ in font nullfont!
Missing character: There is no æ€ in font nullfont!
Missing character: There is no åˆ† in font nullfont!
Missing character: There is no å¸ƒ in font nullfont!
Missing character: There is no å‡½ in font nullfont!
Missing character: There is no æ•° in font nullfont!
Missing character: There is no ã€‚ in font nullfont!

Overfull \hbox (20.0pt too wide) in paragraph at lines 24--25
[] 
 []


! LaTeX Error: Missing \begin{document}.

See the LaTeX manual or LaTeX Companion for explanation.
Type  H <return>  for immediate help.
 ...                                              
                                                  
l.26 ç”±
        æ­¤æˆ‘ä»¬å¯ä»¥æ¨å¯¼å‡ºæˆ‘ä»¬æ–°çš„åŒ¹é…ç®—æ³•çš„å…¬å¼
You're in trouble here.  Try typing  <return>  to proceed.
If that doesn't work, type  X <return>  to quit.

Missing character: There is no ç”± in font nullfont!
Missing character: There is no æ­¤ in font nullfont!
Missing character: There is no æˆ‘ in font nullfont!
Missing character: There is no ä»¬ in font nullfont!
Missing character: There is no å¯ in font nullfont!
Missing character: There is no ä»¥ in font nullfont!
Missing character: There is no æ¨ in font nullfont!
Missing character: There is no å¯¼ in font nullfont!
Missing character: There is no å‡º in font nullfont!
Missing character: There is no æˆ‘ in font nullfont!
Missing character: There is no ä»¬ in font nullfont!
Missing character: There is no æ–° in font nullfont!
Missing character: There is no çš„ in font nullfont!
Missing character: There is no åŒ¹ in font nullfont!
Missing character: There is no é… in font nullfont!
Missing character: There is no ç®— in font nullfont!
Missing character: There is no æ³• in font nullfont!
Missing character: There is no çš„ in font nullfont!
Missing character: There is no å…¬ in font nullfont!
Missing character: There is no å¼ in font nullfont!

Overfull \hbox (20.0pt too wide) in paragraph at lines 26--27
[] 
 []


! LaTeX Error: Missing \begin{document}.

See the LaTeX manual or LaTeX Companion for explanation.
Type  H <return>  for immediate help.
 ...                                              
                                                  
l.28 ä½†
        ç”±äºç”¨æˆ·çš„å…´è¶£é—®é¢˜ï¼Œæˆ‘ä»¬é’ˆå¯¹äºç”¨æˆ·çš„çŒœæµ‹å¯èƒ½å¯...

You're in trouble here.  Try typing  <return>  to proceed.
If that doesn't work, type  X <return>  to quit.

Missing character: There is no ä½† in font nullfont!
Missing character: There is no ç”± in font nullfont!
Missing character: There is no äº in font nullfont!
Missing character: There is no ç”¨ in font nullfont!
Missing character: There is no æˆ· in font nullfont!
Missing character: There is no çš„ in font nullfont!
Missing character: There is no å…´ in font nullfont!
Missing character: There is no è¶£ in font nullfont!
Missing character: There is no é—® in font nullfont!
Missing character: There is no é¢˜ in font nullfont!
Missing character: There is no ï¼Œ in font nullfont!
Missing character: There is no æˆ‘ in font nullfont!
Missing character: There is no ä»¬ in font nullfont!
Missing character: There is no é’ˆ in font nullfont!
Missing character: There is no å¯¹ in font nullfont!
Missing character: There is no äº in font nullfont!
Missing character: There is no ç”¨ in font nullfont!
Missing character: There is no æˆ· in font nullfont!
Missing character: There is no çš„ in font nullfont!
Missing character: There is no çŒœ in font nullfont!
Missing character: There is no æµ‹ in font nullfont!
Missing character: There is no å¯ in font nullfont!
Missing character: There is no èƒ½ in font nullfont!
Missing character: There is no å¯¼ in font nullfont!
Missing character: There is no è‡´ in font nullfont!
Missing character: There is no è´Ÿ in font nullfont!
Missing character: There is no ç›¸ in font nullfont!
Missing character: There is no å…³ in font nullfont!
Missing character: There is no ï¼Œ in font nullfont!
Missing character: There is no å›  in font nullfont!
Missing character: There is no æ­¤ in font nullfont!
Missing character: There is no è¿™ in font nullfont!
Missing character: There is no é‡Œ in font nullfont!
Missing character: There is no çš„ in font nullfont!
Missing character: There is no å˜ in font nullfont!
Missing character: There is no é‡ in font nullfont!
Missing character: There is no è¶Š in font nullfont!
Missing character: There is no å°‘ in font nullfont!
Missing character: There is no è¶Š in font nullfont!
Missing character: There is no å¥½ in font nullfont!
Missing character: There is no ã€‚ in font nullfont!

Overfull \hbox (20.0pt too wide) in paragraph at lines 28--29
[] 
 []


! LaTeX Error: Missing \begin{document}.

See the LaTeX manual or LaTeX Companion for explanation.
Type  H <return>  for immediate help.
 ...                                              
                                                  
l.30 ç”±
        äºåŒ¹é…ç³»ç»Ÿä¸ä»…éœ€è¦è¯†åˆ«æ¯ä¸ªå¯†ç çš„é”®ç›˜è¾“å…¥å€¼,è¿˜é...

You're in trouble here.  Try typing  <return>  to proceed.
If that doesn't work, type  X <return>  to quit.

Missing character: There is no ç”± in font nullfont!
Missing character: There is no äº in font nullfont!
Missing character: There is no åŒ¹ in font nullfont!
Missing character: There is no é… in font nullfont!
Missing character: There is no ç³» in font nullfont!
Missing character: There is no ç»Ÿ in font nullfont!
Missing character: There is no ä¸ in font nullfont!
Missing character: There is no ä»… in font nullfont!
Missing character: There is no éœ€ in font nullfont!
Missing character: There is no è¦ in font nullfont!
Missing character: There is no è¯† in font nullfont!
Missing character: There is no åˆ« in font nullfont!
Missing character: There is no æ¯ in font nullfont!
Missing character: There is no ä¸ª in font nullfont!
Missing character: There is no å¯† in font nullfont!
Missing character: There is no ç  in font nullfont!
Missing character: There is no çš„ in font nullfont!
Missing character: There is no é”® in font nullfont!
Missing character: There is no ç›˜ in font nullfont!
Missing character: There is no è¾“ in font nullfont!
Missing character: There is no å…¥ in font nullfont!
Missing character: There is no å€¼ in font nullfont!
Missing character: There is no , in font nullfont!
Missing character: There is no è¿˜ in font nullfont!
Missing character: There is no éœ€ in font nullfont!
Missing character: There is no è¦ in font nullfont!
Missing character: There is no è¯† in font nullfont!
Missing character: There is no åˆ« in font nullfont!
Missing character: There is no æ¯ in font nullfont!
Missing character: There is no ä¸ª in font nullfont!
Missing character: There is no æ‰‹ in font nullfont!
Missing character: There is no æŒ‡ in font nullfont!
Missing character: There is no ç‚¹ in font nullfont!
Missing character: There is no å‡» in font nullfont!
Missing character: There is no çš„ in font nullfont!
Missing character: There is no äºŒ in font nullfont!
Missing character: There is no è¿› in font nullfont!
Missing character: There is no åˆ¶ in font nullfont!
Missing character: There is no æ ‡ in font nullfont!
Missing character: There is no ç­¾ in font nullfont!
Missing character: There is no å€¼ in font nullfont!
Missing character: There is no ( in font nullfont!
Missing character: There is no é in font nullfont!
Missing character: There is no å¤§ in font nullfont!
Missing character: There is no å³ in font nullfont!
Missing character: There is no å° in font nullfont!
Missing character: There is no ) in font nullfont!
Missing character: There is no ã€‚ in font nullfont!

Overfull \hbox (20.0pt too wide) in paragraph at lines 30--31
[]
 []


! LaTeX Error: Missing \begin{document}.

See the LaTeX manual or LaTeX Companion for explanation.
Type  H <return>  for immediate help.
 ...                                              
                                                  
l.32 æœ¬
        æ–‡å°†å¯†ç è¯†åˆ«é—®é¢˜çœ‹åšä¸€ä¸ªåˆ†ç±»é—®é¢˜(æˆ–ä¸€ä¸ªç›‘ç£å­¦ä...

You're in trouble here.  Try typing  <return>  to proceed.
If that doesn't work, type  X <return>  to quit.

Missing character: There is no æœ¬ in font nullfont!
Missing character: There is no æ–‡ in font nullfont!
Missing character: There is no å°† in font nullfont!
Missing character: There is no å¯† in font nullfont!
Missing character: There is no ç  in font nullfont!
Missing character: There is no è¯† in font nullfont!
Missing character: There is no åˆ« in font nullfont!
Missing character: There is no é—® in font nullfont!
Missing character: There is no é¢˜ in font nullfont!
Missing character: There is no çœ‹ in font nullfont!
Missing character: There is no åš in font nullfont!
Missing character: There is no ä¸€ in font nullfont!
Missing character: There is no ä¸ª in font nullfont!
Missing character: There is no åˆ† in font nullfont!
Missing character: There is no ç±» in font nullfont!
Missing character: There is no é—® in font nullfont!
Missing character: There is no é¢˜ in font nullfont!
Missing character: There is no ( in font nullfont!
Missing character: There is no æˆ– in font nullfont!
Missing character: There is no ä¸€ in font nullfont!
Missing character: There is no ä¸ª in font nullfont!
Missing character: There is no ç›‘ in font nullfont!
Missing character: There is no ç£ in font nullfont!
Missing character: There is no å­¦ in font nullfont!
Missing character: There is no ä¹  in font nullfont!
Missing character: There is no é—® in font nullfont!
Missing character: There is no é¢˜ in font nullfont!
Missing character: There is no ) in font nullfont!
Missing character: There is no , in font nullfont!
Missing character: There is no å³ in font nullfont!
Missing character: There is no æ ¹ in font nullfont!
Missing character: There is no æ® in font nullfont!
Missing character: There is no ç”¨ in font nullfont!
Missing character: There is no æˆ· in font nullfont!
Missing character: There is no æœ¬ in font nullfont!
Missing character: There is no èº« in font nullfont!
Missing character: There is no å›¾ in font nullfont!
Missing character: There is no ç‰‡ in font nullfont!
Missing character: There is no çš„ in font nullfont!
Missing character: There is no ç‰¹ in font nullfont!
Missing character: There is no å¾ in font nullfont!
Missing character: There is no å€¼ in font nullfont!
Missing character: There is no å’Œ in font nullfont!
Missing character: There is no è¿‡ in font nullfont!
Missing character: There is no å» in font nullfont!
Missing character: There is no ç”¨ in font nullfont!
Missing character: There is no æˆ· in font nullfont!
Missing character: There is no æ„Ÿ in font nullfont!
Missing character: There is no å…´ in font nullfont!
Missing character: There is no è¶£ in font nullfont!
Missing character: There is no çš„ in font nullfont!
Missing character: There is no å›¾ in font nullfont!
Missing character: There is no ç‰‡ in font nullfont!
Missing character: There is no ä¿¡ in font nullfont!
Missing character: There is no æ¯ in font nullfont!
Missing character: There is no çš„ in font nullfont!
Missing character: There is no å† in font nullfont!
Missing character: There is no å² in font nullfont!
Missing character: There is no ç‰¹ in font nullfont!
Missing character: There is no å¾ in font nullfont!
Missing character: There is no å€¼ in font nullfont!
Missing character: There is no æ¥ in font nullfont!
Missing character: There is no å¯¹ in font nullfont!
Missing character: There is no ä¸€ in font nullfont!
Missing character: There is no ä¸ª in font nullfont!
Missing character: There is no æ‰‹ in font nullfont!
Missing character: There is no æŒ‡ in font nullfont!
Missing character: There is no ç‚¹ in font nullfont!
Missing character: There is no å‡» in font nullfont!
Missing character: There is no äº‹ in font nullfont!
Missing character: There is no ä»¶ in font nullfont!
Missing character: There is no åˆ† in font nullfont!
Missing character: There is no ç±» in font nullfont!
Missing character: There is no ã€‚ in font nullfont!
Missing character: There is no T in font nullfont!
Missing character: There is no a in font nullfont!
Missing character: There is no p in font nullfont!
Missing character: There is no L in font nullfont!
Missing character: There is no o in font nullfont!
Missing character: There is no c in font nullfont!
Missing character: There is no k in font nullfont!
Missing character: There is no å¯† in font nullfont!
Missing character: There is no ç  in font nullfont!
Missing character: There is no è¯† in font nullfont!
Missing character: There is no åˆ« in font nullfont!
Missing character: There is no é—® in font nullfont!
Missing character: There is no é¢˜ in font nullfont!
Missing character: There is no çš„ in font nullfont!
Missing character: There is no ç›® in font nullfont!
Missing character: There is no æ ‡ in font nullfont!
Missing character: There is no æ˜¯ in font nullfont!
Missing character: There is no ç¡® in font nullfont!
Missing character: There is no å®š in font nullfont!
Missing character: There is no æ–° in font nullfont!
Missing character: There is no å‘ in font nullfont!
Missing character: There is no ç”Ÿ in font nullfont!
Missing character: There is no çš„ in font nullfont!
Missing character: There is no æ‰‹ in font nullfont!
Missing character: There is no æŒ‡ in font nullfont!
Missing character: There is no ç‚¹ in font nullfont!
Missing character: There is no å‡» in font nullfont!
Missing character: There is no äº‹ in font nullfont!
Missing character: There is no ä»¶ in font nullfont!
Missing character: There is no çš„ in font nullfont!
Missing character: There is no æ ‡ in font nullfont!
Missing character: There is no ç­¾ in font nullfont!
Missing character: There is no ( in font nullfont!
Missing character: There is no å³ in font nullfont!
Missing character: There is no æµ‹ in font nullfont!
Missing character: There is no è¯• in font nullfont!
Missing character: There is no ç”¨ in font nullfont!
Missing character: There is no ä¾‹ in font nullfont!
Missing character: There is no ) in font nullfont!
Missing character: There is no ã€‚ in font nullfont!
Missing character: There is no åœ¨ in font nullfont!
Missing character: There is no å¯† in font nullfont!
Missing character: There is no ç  in font nullfont!
Missing character: There is no è®¾ in font nullfont!
Missing character: There is no å®š in font nullfont!
Missing character: There is no è¿‡ in font nullfont!
Missing character: There is no ç¨‹ in font nullfont!
Missing character: There is no ä¸­ in font nullfont!
Missing character: There is no , in font nullfont!
Missing character: There is no æˆ‘ in font nullfont!
Missing character: There is no ä»¬ in font nullfont!
Missing character: There is no æ”¶ in font nullfont!
Missing character: There is no é›† in font nullfont!
Missing character: There is no äº† in font nullfont!
Missing character: There is no ä¸€ in font nullfont!
Missing character: There is no ç»„ in font nullfont!
Missing character: There is no è¿‡ in font nullfont!
Missing character: There is no å» in font nullfont!
Missing character: There is no çš„ in font nullfont!
Missing character: There is no æ‰‹ in font nullfont!
Missing character: There is no æŒ‡ in font nullfont!
Missing character: There is no ç‚¹ in font nullfont!
Missing character: There is no å‡» in font nullfont!
Missing character: There is no äº‹ in font nullfont!
Missing character: There is no ä»¶ in font nullfont!
Missing character: There is no ( in font nullfont!
Missing character: There is no å³ in font nullfont!
Missing character: There is no è®­ in font nullfont!
Missing character: There is no ç»ƒ in font nullfont!
Missing character: There is no ç”¨ in font nullfont!
Missing character: There is no ä¾‹ in font nullfont!
Missing character: There is no ) in font nullfont!
Missing character: There is no , in font nullfont!
Missing character: There is no ç”¨ in font nullfont!
Missing character: There is no D in font nullfont!
Missing character: There is no è¡¨ in font nullfont!
Missing character: There is no ç¤º in font nullfont!
Missing character: There is no è¿™ in font nullfont!
Missing character: There is no ä¸ª in font nullfont!
Missing character: There is no é›† in font nullfont!
Missing character: There is no åˆ in font nullfont!
Missing character: There is no ã€‚ in font nullfont!
Missing character: There is no æ¯ in font nullfont!
Missing character: There is no ä¸ª in font nullfont!
Missing character: There is no ç”¨ in font nullfont!
Missing character: There is no ä¾‹ in font nullfont!
Missing character: There is no d in font nullfont!
Missing character: There is no âˆˆ in font nullfont!
Missing character: There is no D in font nullfont!
Missing character: There is no èƒ½ in font nullfont!
Missing character: There is no è¢« in font nullfont!
Missing character: There is no ä¸¤ in font nullfont!
Missing character: There is no ä¸ª in font nullfont!
Missing character: There is no ç‰¹ in font nullfont!
Missing character: There is no å¾ in font nullfont!
Missing character: There is no å€¼ in font nullfont!
Missing character: There is no å’Œ in font nullfont!
Missing character: There is no ä¸€ in font nullfont!
Missing character: There is no ä¸ª in font nullfont!
Missing character: There is no ç‚¹ in font nullfont!
Missing character: There is no å‡» in font nullfont!
Missing character: There is no æ ‡ in font nullfont!
Missing character: There is no ç­¾ in font nullfont!
Missing character: There is no æ in font nullfont!
Missing character: There is no è¿° in font nullfont!
Missing character: There is no ã€‚ in font nullfont!
Missing character: There is no ä»¤ in font nullfont!
Missing character: There is no è¿™ in font nullfont!
Missing character: There is no ä¸¤ in font nullfont!
Missing character: There is no ä¸ª in font nullfont!
Missing character: There is no å± in font nullfont!
Missing character: There is no æ€§ in font nullfont!
Missing character: There is no 2 in font nullfont!
Missing character: There is no ä¸º in font nullfont!
Missing character: There is no ğ´ in font nullfont!
Missing character: There is no ğ‘‘ in font nullfont!
Missing character: There is no , in font nullfont!
Missing character: There is no 1 in font nullfont!
Missing character: There is no = in font nullfont!
Missing character: There is no ğ‘” in font nullfont!
Missing character: There is no ğ‘’ in font nullfont!
Missing character: There is no ğ‘¡ in font nullfont!
Missing character: There is no ğ‘‡ in font nullfont!
Missing character: There is no ğ‘œ in font nullfont!
Missing character: There is no ğ‘¢ in font nullfont!
Missing character: There is no ğ‘ in font nullfont!
Missing character: There is no h in font nullfont!
Missing character: There is no ğ‘€ in font nullfont!
Missing character: There is no ğ‘ in font nullfont!
Missing character: There is no ğ‘— in font nullfont!
Missing character: There is no ğ‘œ in font nullfont!
Missing character: There is no ğ‘Ÿ in font nullfont!
Missing character: There is no ( in font nullfont!
Missing character: There is no ) in font nullfont!
Missing character: There is no , in font nullfont!
Missing character: There is no ğ´ in font nullfont!
Missing character: There is no ğ‘‘ in font nullfont!
Missing character: There is no , in font nullfont!
Missing character: There is no 2 in font nullfont!
Missing character: There is no = in font nullfont!
Missing character: There is no ğ‘” in font nullfont!
Missing character: There is no ğ‘’ in font nullfont!
Missing character: There is no ğ‘¡ in font nullfont!
Missing character: There is no ğ‘† in font nullfont!
Missing character: There is no ğ‘– in font nullfont!
Missing character: There is no ğ‘§ in font nullfont!
Missing character: There is no ğ‘’ in font nullfont!
Missing character: There is no ( in font nullfont!
Missing character: There is no ) in font nullfont!
Missing character: There is no , in font nullfont!
Missing character: There is no è‹¥ in font nullfont!
Missing character: There is no ç”¨ in font nullfont!
Missing character: There is no ä¾‹ in font nullfont!
Missing character: There is no d in font nullfont!
Missing character: There is no è¢« in font nullfont!
Missing character: There is no åˆ† in font nullfont!
Missing character: There is no ç±» in font nullfont!
Missing character: There is no ä¸º in font nullfont!
Missing character: There is no å° in font nullfont!
Missing character: There is no ( in font nullfont!
Missing character: There is no æˆ– in font nullfont!
Missing character: There is no å¤§ in font nullfont!
Missing character: There is no ) in font nullfont!
Missing character: There is no åˆ™ in font nullfont!
Missing character: There is no ç‚¹ in font nullfont!
Missing character: There is no å‡» in font nullfont!
Missing character: There is no æ ‡ in font nullfont!
Missing character: There is no ç­¾ in font nullfont!
Missing character: There is no ä¸º in font nullfont!
Missing character: There is no ğ¿ in font nullfont!
Missing character: There is no ğ‘‘ in font nullfont!
Missing character: There is no = in font nullfont!
Missing character: There is no 0 in font nullfont!
Missing character: There is no ( in font nullfont!
Missing character: There is no æˆ– in font nullfont!
Missing character: There is no ğ¿ in font nullfont!
Missing character: There is no ğ‘‘ in font nullfont!
Missing character: There is no = in font nullfont!
Missing character: There is no 1 in font nullfont!
Missing character: There is no ) in font nullfont!
Missing character: There is no ã€‚ in font nullfont!

Overfull \hbox (20.0pt too wide) in paragraph at lines 32--34
[]
 []

! Undefined control sequence.
l.36 \section
             {face++ SDK for node.js}
The control sequence at the end of the top line
of your error message was never \def'ed. If you have
misspelled it (e.g., `\hobx'), type `I' and the correct
spelling (e.g., `I\hbox'). Otherwise just continue,
and I'll forget about whatever was undefined.


! LaTeX Error: Missing \begin{document}.

See the LaTeX manual or LaTeX Companion for explanation.
Type  H <return>  for immediate help.
 ...                                              
                                                  
l.36 \section{f
               ace++ SDK for node.js}
You're in trouble here.  Try typing  <return>  to proceed.
If that doesn't work, type  X <return>  to quit.

Missing character: There is no f in font nullfont!
Missing character: There is no a in font nullfont!
Missing character: There is no c in font nullfont!
Missing character: There is no e in font nullfont!
Missing character: There is no + in font nullfont!
Missing character: There is no + in font nullfont!
Missing character: There is no S in font nullfont!
Missing character: There is no D in font nullfont!
Missing character: There is no K in font nullfont!
Missing character: There is no f in font nullfont!
Missing character: There is no o in font nullfont!
Missing character: There is no r in font nullfont!
Missing character: There is no n in font nullfont!
Missing character: There is no o in font nullfont!
Missing character: There is no d in font nullfont!
Missing character: There is no e in font nullfont!
Missing character: There is no . in font nullfont!
Missing character: There is no j in font nullfont!
Missing character: There is no s in font nullfont!
Missing character: There is no ç”± in font nullfont!
Missing character: There is no äº in font nullfont!
Missing character: There is no F in font nullfont!
Missing character: There is no a in font nullfont!
Missing character: There is no c in font nullfont!
Missing character: There is no e in font nullfont!
Missing character: There is no + in font nullfont!
Missing character: There is no + in font nullfont!
Missing character: There is no å¹¶ in font nullfont!
Missing character: There is no æ²¡ in font nullfont!
Missing character: There is no æœ‰ in font nullfont!
Missing character: There is no æ in font nullfont!
Missing character: There is no ä¾› in font nullfont!
Missing character: There is no å¯¹ in font nullfont!
Missing character: There is no åº” in font nullfont!
Missing character: There is no çš„ in font nullfont!
Missing character: There is no S in font nullfont!
Missing character: There is no D in font nullfont!
Missing character: There is no K in font nullfont!
Missing character: There is no ç»™ in font nullfont!
Missing character: There is no n in font nullfont!
Missing character: There is no o in font nullfont!
Missing character: There is no d in font nullfont!
Missing character: There is no e in font nullfont!
Missing character: There is no . in font nullfont!
Missing character: There is no j in font nullfont!
Missing character: There is no s in font nullfont!
Missing character: There is no ï¼Œ in font nullfont!
Missing character: There is no æ‰€ in font nullfont!
Missing character: There is no ä»¥ in font nullfont!
Missing character: There is no æœ¬ in font nullfont!
Missing character: There is no ç ” in font nullfont!
Missing character: There is no ç©¶ in font nullfont!
Missing character: There is no éœ€ in font nullfont!
Missing character: There is no è¦ in font nullfont!
Missing character: There is no ä¸º in font nullfont!
Missing character: There is no f in font nullfont!
Missing character: There is no a in font nullfont!
Missing character: There is no c in font nullfont!
Missing character: There is no e in font nullfont!
Missing character: There is no + in font nullfont!
Missing character: There is no + in font nullfont!
Missing character: There is no çš„ in font nullfont!
Missing character: There is no h in font nullfont!
Missing character: There is no t in font nullfont!
Missing character: There is no t in font nullfont!
Missing character: There is no p in font nullfont!
Missing character: There is no è¯· in font nullfont!
Missing character: There is no æ±‚ in font nullfont!
Missing character: There is no çš„ in font nullfont!
Missing character: There is no a in font nullfont!
Missing character: There is no p in font nullfont!
Missing character: There is no i in font nullfont!
Missing character: There is no å® in font nullfont!
Missing character: There is no ç° in font nullfont!
Missing character: There is no ä¸€ in font nullfont!
Missing character: There is no ä¸ª in font nullfont!
Missing character: There is no S in font nullfont!
Missing character: There is no D in font nullfont!
Missing character: There is no K in font nullfont!
Missing character: There is no ç»™ in font nullfont!
Missing character: There is no n in font nullfont!
Missing character: There is no o in font nullfont!
Missing character: There is no d in font nullfont!
Missing character: There is no e in font nullfont!
Missing character: There is no . in font nullfont!
Missing character: There is no j in font nullfont!
Missing character: There is no s in font nullfont!
Missing character: There is no ã€‚ in font nullfont!
Missing character: There is no F in font nullfont!
Missing character: There is no a in font nullfont!
Missing character: There is no c in font nullfont!
Missing character: There is no e in font nullfont!
Missing character: There is no + in font nullfont!
Missing character: There is no + in font nullfont!
Missing character: There is no çš„ in font nullfont!
Missing character: There is no A in font nullfont!
Missing character: There is no P in font nullfont!
Missing character: There is no I in font nullfont!
Missing character: There is no å¦‚ in font nullfont!
Missing character: There is no ä¸‹ in font nullfont!
Missing character: There is no å›¾ in font nullfont!

! LaTeX Error: Environment figure undefined.

See the LaTeX manual or LaTeX Companion for explanation.
Type  H <return>  for immediate help.
 ...                                              
                                                  
l.38 \begin{figure}
                   [h]
Your command was ignored.
Type  I <command> <return>  to replace it with another command,
or  <return>  to continue without it.

Missing character: There is no [ in font nullfont!
Missing character: There is no h in font nullfont!
Missing character: There is no ] in font nullfont!
! Undefined control sequence.
l.41 \includegraphics
                     [width=\textwidth]{img/chap2/Face++API.png}
The control sequence at the end of the top line
of your error message was never \def'ed. If you have
misspelled it (e.g., `\hobx'), type `I' and the correct
spelling (e.g., `I\hbox'). Otherwise just continue,
and I'll forget about whatever was undefined.

Missing character: There is no [ in font nullfont!
Missing character: There is no w in font nullfont!
Missing character: There is no i in font nullfont!
Missing character: There is no d in font nullfont!
Missing character: There is no t in font nullfont!
Missing character: There is no h in font nullfont!
Missing character: There is no = in font nullfont!
! Missing number, treated as zero.
<to be read again> 
                   ]
l.41 \includegraphics[width=\textwidth]
                                       {img/chap2/Face++API.png}
A number should have been here; I inserted `0'.
(If you can't figure out why I needed to see a number,
look up `weird error' in the index to The TeXbook.)

! Illegal unit of measure (pt inserted).
<to be read again> 
                   ]
l.41 \includegraphics[width=\textwidth]
                                       {img/chap2/Face++API.png}
Dimensions can be in units of em, ex, in, pt, pc,
cm, mm, dd, cc, bp, or sp; but yours is a new one!
I'll assume that you meant to say pt, for printer's points.
To recover gracefully from this error, it's best to
delete the erroneous units; e.g., type `2' to delete
two letters. (See Chapter 27 of The TeXbook.)

Missing character: There is no ] in font nullfont!
Missing character: There is no i in font nullfont!
Missing character: There is no m in font nullfont!
Missing character: There is no g in font nullfont!
Missing character: There is no / in font nullfont!
Missing character: There is no c in font nullfont!
Missing character: There is no h in font nullfont!
Missing character: There is no a in font nullfont!
Missing character: There is no p in font nullfont!
Missing character: There is no 2 in font nullfont!
Missing character: There is no / in font nullfont!
Missing character: There is no F in font nullfont!
Missing character: There is no a in font nullfont!
Missing character: There is no c in font nullfont!
Missing character: There is no e in font nullfont!
Missing character: There is no + in font nullfont!
Missing character: There is no + in font nullfont!
Missing character: There is no A in font nullfont!
Missing character: There is no P in font nullfont!
Missing character: There is no I in font nullfont!
Missing character: There is no . in font nullfont!
Missing character: There is no p in font nullfont!
Missing character: There is no n in font nullfont!
Missing character: There is no g in font nullfont!

! LaTeX Error: \caption outside float.

See the LaTeX manual or LaTeX Companion for explanation.
Type  H <return>  for immediate help.
 ...                                              
                                                  
l.42 \caption
             {Face++API\label{Face++API}}
You're in trouble here.  Try typing  <return>  to proceed.
If that doesn't work, type  X <return>  to quit.

Missing character: There is no F in font nullfont!
Missing character: There is no a in font nullfont!
Missing character: There is no c in font nullfont!
Missing character: There is no e in font nullfont!
Missing character: There is no + in font nullfont!
Missing character: There is no + in font nullfont!
Missing character: There is no A in font nullfont!
Missing character: There is no P in font nullfont!
Missing character: There is no I in font nullfont!

! LaTeX Error: \begin{document} ended by \end{figure}.

See the LaTeX manual or LaTeX Companion for explanation.
Type  H <return>  for immediate help.
 ...                                              
                                                  
l.44 \end{figure}
                 
Your command was ignored.
Type  I <command> <return>  to replace it with another command,
or  <return>  to continue without it.


Overfull \hbox (20.0pt too wide) in paragraph at lines 36--45
[]
 []

! Undefined control sequence.
l.47 \section
             {æœåŠ¡å™¨è®¾è®¡}
The control sequence at the end of the top line
of your error message was never \def'ed. If you have
misspelled it (e.g., `\hobx'), type `I' and the correct
spelling (e.g., `I\hbox'). Otherwise just continue,
and I'll forget about whatever was undefined.


! LaTeX Error: Missing \begin{document}.

See the LaTeX manual or LaTeX Companion for explanation.
Type  H <return>  for immediate help.
 ...                                              
                                                  
l.47 \section{æœ
                 åŠ¡å™¨è®¾è®¡}
You're in trouble here.  Try typing  <return>  to proceed.
If that doesn't work, type  X <return>  to quit.

Missing character: There is no æœ in font nullfont!
Missing character: There is no åŠ¡ in font nullfont!
Missing character: There is no å™¨ in font nullfont!
Missing character: There is no è®¾ in font nullfont!
Missing character: There is no è®¡ in font nullfont!
Missing character: There is no [ in font nullfont!
Missing character: There is no ç”¨ in font nullfont!
Missing character: There is no o in font nullfont!
Missing character: There is no m in font nullfont!
Missing character: There is no n in font nullfont!
Missing character: There is no i in font nullfont!
Missing character: There is no g in font nullfont!
Missing character: There is no r in font nullfont!
Missing character: There is no a in font nullfont!
Missing character: There is no f in font nullfont!
Missing character: There is no f in font nullfont!
Missing character: There is no l in font nullfont!
Missing character: There is no e in font nullfont!
Missing character: There is no ç”» in font nullfont!
Missing character: There is no ä¸€ in font nullfont!
Missing character: There is no ä¸ª in font nullfont!
Missing character: There is no æ€ in font nullfont!
Missing character: There is no ç»´ in font nullfont!
Missing character: There is no å¯¼ in font nullfont!
Missing character: There is no å›¾ in font nullfont!
Missing character: There is no ] in font nullfont!

Overfull \hbox (20.0pt too wide) in paragraph at lines 47--49
[]
 []

! Undefined control sequence.
l.51 \section
             {æ•°æ®åº“è®¾è®¡}
The control sequence at the end of the top line
of your error message was never \def'ed. If you have
misspelled it (e.g., `\hobx'), type `I' and the correct
spelling (e.g., `I\hbox'). Otherwise just continue,
and I'll forget about whatever was undefined.


! LaTeX Error: Missing \begin{document}.

See the LaTeX manual or LaTeX Companion for explanation.
Type  H <return>  for immediate help.
 ...                                              
                                                  
l.51 \section{æ•°
                 æ®åº“è®¾è®¡}
You're in trouble here.  Try typing  <return>  to proceed.
If that doesn't work, type  X <return>  to quit.

Missing character: There is no æ•° in font nullfont!
Missing character: There is no æ® in font nullfont!
Missing character: There is no åº“ in font nullfont!
Missing character: There is no è®¾ in font nullfont!
Missing character: There is no è®¡ in font nullfont!
Missing character: There is no ä¸º in font nullfont!
Missing character: There is no äº† in font nullfont!
Missing character: There is no å®Œ in font nullfont!
Missing character: There is no å–„ in font nullfont!
Missing character: There is no æˆ‘ in font nullfont!
Missing character: There is no ä»¬ in font nullfont!
Missing character: There is no çš„ in font nullfont!
Missing character: There is no æ•° in font nullfont!
Missing character: There is no æ® in font nullfont!
Missing character: There is no åº“ in font nullfont!
Missing character: There is no çš„ in font nullfont!
Missing character: There is no é€» in font nullfont!
Missing character: There is no è¾‘ in font nullfont!
Missing character: There is no ï¼Œ in font nullfont!
Missing character: There is no æœ¬ in font nullfont!
Missing character: There is no æ–‡ in font nullfont!
Missing character: There is no å¯¹ in font nullfont!
Missing character: There is no äº in font nullfont!
Missing character: There is no æ•° in font nullfont!
Missing character: There is no æ® in font nullfont!
Missing character: There is no åº“ in font nullfont!
Missing character: There is no è¿› in font nullfont!
Missing character: There is no è¡Œ in font nullfont!
Missing character: There is no äº† in font nullfont!
Missing character: There is no E in font nullfont!
Missing character: There is no R in font nullfont!
Missing character: There is no å›¾ in font nullfont!
Missing character: There is no çš„ in font nullfont!
Missing character: There is no æ in font nullfont!
Missing character: There is no è¿° in font nullfont!
Missing character: There is no ï¼Œ in font nullfont!
Missing character: There is no å¹¶ in font nullfont!
Missing character: There is no ç”¨ in font nullfont!
Missing character: There is no å…³ in font nullfont!
Missing character: There is no ç³» in font nullfont!
Missing character: There is no è¡Œ in font nullfont!
Missing character: There is no æ•° in font nullfont!
Missing character: There is no æ® in font nullfont!
Missing character: There is no åº“ in font nullfont!
Missing character: There is no å¯¹ in font nullfont!
Missing character: There is no äº in font nullfont!
Missing character: There is no N in font nullfont!
Missing character: There is no O in font nullfont!
Missing character: There is no S in font nullfont!
Missing character: There is no Q in font nullfont!
Missing character: There is no L in font nullfont!
Missing character: There is no è¿› in font nullfont!
Missing character: There is no è¡Œ in font nullfont!
Missing character: There is no äº† in font nullfont!
Missing character: There is no æ¯” in font nullfont!
Missing character: There is no å¯¹ in font nullfont!
Missing character: There is no [ in font nullfont!
Missing character: There is no ç”¨ in font nullfont!
Missing character: There is no e in font nullfont!
Missing character: There is no r in font nullfont!
Missing character: There is no å›¾ in font nullfont!
Missing character: There is no ] in font nullfont!
Missing character: There is no [ in font nullfont!
Missing character: There is no ç”¨ in font nullfont!
Missing character: There is no m in font nullfont!
Missing character: There is no y in font nullfont!
Missing character: There is no s in font nullfont!
Missing character: There is no q in font nullfont!
Missing character: There is no l in font nullfont!
Missing character: There is no ç”» in font nullfont!
Missing character: There is no çš„ in font nullfont!
Missing character: There is no ä¸€ in font nullfont!
Missing character: There is no ä¸ª in font nullfont!
Missing character: There is no å›¾ in font nullfont!
Missing character: There is no ] in font nullfont!

Overfull \hbox (20.0pt too wide) in paragraph at lines 51--55
[]
 []

)
! Emergency stop.
<*> chap3.tex
             
*** (job aborted, no legal \end found)

 
Here is how much of TeX's memory you used:
 9 strings out of 493918
 81 string characters out of 6148600
 53462 words of memory out of 5000000
 3433 multiletter control sequences out of 15000+600000
 3640 words of font info for 14 fonts, out of 8000000 for 9000
 1144 hyphenation exceptions out of 8191
 18i,3n,12p,213b,79s stack positions out of 5000i,500n,10000p,200000b,80000s
No pages of output.
