This is XeTeX, Version 3.1415926-2.5-0.9999.3 (TeX Live 2013) (format=xelatex 2014.6.2)  24 MAY 2015 15:12
entering extended mode
 \write18 enabled.
 %&-line parsing enabled.
**conclusion.tex
(./conclusion.tex
LaTeX2e <2011/06/27>
Babel <3.9k> and hyphenation patterns for 78 languages loaded.
! Undefined control sequence.
l.5 \specialchap
                {æœ¬æ–‡æ€»ç»“}
The control sequence at the end of the top line
of your error message was never \def'ed. If you have
misspelled it (e.g., `\hobx'), type `I' and the correct
spelling (e.g., `I\hbox'). Otherwise just continue,
and I'll forget about whatever was undefined.


! LaTeX Error: Missing \begin{document}.

See the LaTeX manual or LaTeX Companion for explanation.
Type  H <return>  for immediate help.
 ...                                              
                                                  
l.5 \specialchap{æœ¬
                    æ–‡æ€»ç»“}
You're in trouble here.  Try typing  <return>  to proceed.
If that doesn't work, type  X <return>  to quit.

Missing character: There is no æœ¬ in font nullfont!
Missing character: There is no æ–‡ in font nullfont!
Missing character: There is no æ€» in font nullfont!
Missing character: There is no ç»“ in font nullfont!

Overfull \hbox (20.0pt too wide) in paragraph at lines 5--8
[] 
 []


! LaTeX Error: Missing \begin{document}.

See the LaTeX manual or LaTeX Companion for explanation.
Type  H <return>  for immediate help.
 ...                                              
                                                  
l.9 æœ¬
       æ–‡æå‡ºäº†ä¸€ç§æ–°å‹çš„å›¾ç‰‡ç¤¾äº¤å¹³å°ï¼Œé€šè¿‡äººè„¸è¯†åˆ«æŠ€...

You're in trouble here.  Try typing  <return>  to proceed.
If that doesn't work, type  X <return>  to quit.

Missing character: There is no æœ¬ in font nullfont!
Missing character: There is no æ–‡ in font nullfont!
Missing character: There is no æ in font nullfont!
Missing character: There is no å‡º in font nullfont!
Missing character: There is no äº† in font nullfont!
Missing character: There is no ä¸€ in font nullfont!
Missing character: There is no ç§ in font nullfont!
Missing character: There is no æ–° in font nullfont!
Missing character: There is no å‹ in font nullfont!
Missing character: There is no çš„ in font nullfont!
Missing character: There is no å›¾ in font nullfont!
Missing character: There is no ç‰‡ in font nullfont!
Missing character: There is no ç¤¾ in font nullfont!
Missing character: There is no äº¤ in font nullfont!
Missing character: There is no å¹³ in font nullfont!
Missing character: There is no å° in font nullfont!
Missing character: There is no ï¼Œ in font nullfont!
Missing character: There is no é€š in font nullfont!
Missing character: There is no è¿‡ in font nullfont!
Missing character: There is no äºº in font nullfont!
Missing character: There is no è„¸ in font nullfont!
Missing character: There is no è¯† in font nullfont!
Missing character: There is no åˆ« in font nullfont!
Missing character: There is no æŠ€ in font nullfont!
Missing character: There is no æœ¯ in font nullfont!
Missing character: There is no ä¸º in font nullfont!
Missing character: There is no ä¸» in font nullfont!
Missing character: There is no å¯¼ in font nullfont!
Missing character: There is no çš„ in font nullfont!
Missing character: There is no å¥½ in font nullfont!
Missing character: There is no å‹ in font nullfont!
Missing character: There is no æ¨ in font nullfont!
Missing character: There is no è in font nullfont!
Missing character: There is no åŒ¹ in font nullfont!
Missing character: There is no é… in font nullfont!
Missing character: There is no æ¥ in font nullfont!
Missing character: There is no æœ‰ in font nullfont!
Missing character: There is no æ•ˆ in font nullfont!
Missing character: There is no çš„ in font nullfont!
Missing character: There is no æ‰© in font nullfont!
Missing character: There is no å±• in font nullfont!
Missing character: There is no ç”¨ in font nullfont!
Missing character: There is no æˆ· in font nullfont!
Missing character: There is no çš„ in font nullfont!
Missing character: There is no ç¤¾ in font nullfont!
Missing character: There is no äº¤ in font nullfont!
Missing character: There is no åœˆ in font nullfont!
Missing character: There is no ä»¥ in font nullfont!
Missing character: There is no åŠ in font nullfont!
Missing character: There is no æ in font nullfont!
Missing character: There is no å‡ in font nullfont!
Missing character: There is no ç”¨ in font nullfont!
Missing character: There is no æˆ· in font nullfont!
Missing character: There is no æ´» in font nullfont!
Missing character: There is no è·ƒ in font nullfont!
Missing character: There is no çš„ in font nullfont!
Missing character: There is no ç¨‹ in font nullfont!
Missing character: There is no åº¦ in font nullfont!
Missing character: There is no ã€‚ in font nullfont!
Missing character: There is no åœ¨ in font nullfont!
Missing character: There is no æœ¬ in font nullfont!
Missing character: There is no åº” in font nullfont!
Missing character: There is no ç”¨ in font nullfont!
Missing character: There is no ä¸­ in font nullfont!
Missing character: There is no ç”¨ in font nullfont!
Missing character: There is no æˆ· in font nullfont!
Missing character: There is no å¯ in font nullfont!
Missing character: There is no ä»¥ in font nullfont!
Missing character: There is no é€š in font nullfont!
Missing character: There is no è¿‡ in font nullfont!
Missing character: There is no ä»– in font nullfont!
Missing character: There is no ä»¬ in font nullfont!
Missing character: There is no çš„ in font nullfont!
Missing character: There is no ä¿¡ in font nullfont!
Missing character: There is no æ¯ in font nullfont!
Missing character: There is no ç‰¹ in font nullfont!
Missing character: There is no å¾ in font nullfont!
Missing character: There is no æ¥ in font nullfont!
Missing character: There is no å¯» in font nullfont!
Missing character: There is no æ‰¾ in font nullfont!
Missing character: There is no ä¸ in font nullfont!
Missing character: There is no ä»– in font nullfont!
Missing character: There is no ä»¬ in font nullfont!
Missing character: There is no å…´ in font nullfont!
Missing character: There is no è¶£ in font nullfont!
Missing character: There is no ç›¸ in font nullfont!
Missing character: There is no ç¬¦ in font nullfont!
Missing character: There is no çš„ in font nullfont!
Missing character: There is no å¥½ in font nullfont!
Missing character: There is no å‹ in font nullfont!
Missing character: There is no ã€‚ in font nullfont!

Overfull \hbox (20.0pt too wide) in paragraph at lines 9--10
[] 
 []


! LaTeX Error: Missing \begin{document}.

See the LaTeX manual or LaTeX Companion for explanation.
Type  H <return>  for immediate help.
 ...                                              
                                                  
l.11 æœ¬
        æ–‡å®ç°äº†åŸºäºangularJSï¼‹ionicçš„å®¢æˆ·ç«¯åº”ç”¨ç¨‹åºï¼Œä»¥åŠ...

You're in trouble here.  Try typing  <return>  to proceed.
If that doesn't work, type  X <return>  to quit.

Missing character: There is no æœ¬ in font nullfont!
Missing character: There is no æ–‡ in font nullfont!
Missing character: There is no å® in font nullfont!
Missing character: There is no ç° in font nullfont!
Missing character: There is no äº† in font nullfont!
Missing character: There is no åŸº in font nullfont!
Missing character: There is no äº in font nullfont!
Missing character: There is no a in font nullfont!
Missing character: There is no n in font nullfont!
Missing character: There is no g in font nullfont!
Missing character: There is no u in font nullfont!
Missing character: There is no l in font nullfont!
Missing character: There is no a in font nullfont!
Missing character: There is no r in font nullfont!
Missing character: There is no J in font nullfont!
Missing character: There is no S in font nullfont!
Missing character: There is no ï¼‹ in font nullfont!
Missing character: There is no i in font nullfont!
Missing character: There is no o in font nullfont!
Missing character: There is no n in font nullfont!
Missing character: There is no i in font nullfont!
Missing character: There is no c in font nullfont!
Missing character: There is no çš„ in font nullfont!
Missing character: There is no å®¢ in font nullfont!
Missing character: There is no æˆ· in font nullfont!
Missing character: There is no ç«¯ in font nullfont!
Missing character: There is no åº” in font nullfont!
Missing character: There is no ç”¨ in font nullfont!
Missing character: There is no ç¨‹ in font nullfont!
Missing character: There is no åº in font nullfont!
Missing character: There is no ï¼Œ in font nullfont!
Missing character: There is no ä»¥ in font nullfont!
Missing character: There is no åŠ in font nullfont!
Missing character: There is no ä»¥ in font nullfont!
Missing character: There is no ä¸– in font nullfont!
Missing character: There is no çºª in font nullfont!
Missing character: There is no ä½³ in font nullfont!
Missing character: There is no ç¼˜ in font nullfont!
Missing character: There is no ä¸º in font nullfont!
Missing character: There is no æ•° in font nullfont!
Missing character: There is no æ® in font nullfont!
Missing character: There is no æº in font nullfont!
Missing character: There is no å¯¼ in font nullfont!
Missing character: There is no å…¥ in font nullfont!
Missing character: There is no çš„ in font nullfont!
Missing character: There is no æ•° in font nullfont!
Missing character: There is no æ® in font nullfont!
Missing character: There is no åº“ in font nullfont!
Missing character: There is no ï¼Œ in font nullfont!
Missing character: There is no ä»¥ in font nullfont!
Missing character: There is no f in font nullfont!
Missing character: There is no a in font nullfont!
Missing character: There is no c in font nullfont!
Missing character: There is no e in font nullfont!
Missing character: There is no + in font nullfont!
Missing character: There is no + in font nullfont!
Missing character: There is no A in font nullfont!
Missing character: There is no P in font nullfont!
Missing character: There is no I in font nullfont!
Missing character: There is no å® in font nullfont!
Missing character: There is no ç° in font nullfont!
Missing character: There is no çš„ in font nullfont!
Missing character: There is no n in font nullfont!
Missing character: There is no o in font nullfont!
Missing character: There is no d in font nullfont!
Missing character: There is no e in font nullfont!
Missing character: There is no j in font nullfont!
Missing character: There is no s in font nullfont!
Missing character: There is no çš„ in font nullfont!
Missing character: There is no S in font nullfont!
Missing character: There is no D in font nullfont!
Missing character: There is no K in font nullfont!
Missing character: There is no ï¼Œ in font nullfont!
Missing character: There is no å·² in font nullfont!
Missing character: There is no ç» in font nullfont!
Missing character: There is no å¯¹ in font nullfont!
Missing character: There is no åº” in font nullfont!
Missing character: There is no çš„ in font nullfont!
Missing character: There is no æœ in font nullfont!
Missing character: There is no åŠ¡ in font nullfont!
Missing character: There is no å™¨ in font nullfont!
Missing character: There is no ç¨‹ in font nullfont!
Missing character: There is no åº in font nullfont!
Missing character: There is no ã€‚ in font nullfont!
Missing character: There is no ç›® in font nullfont!
Missing character: There is no å‰ in font nullfont!
Missing character: There is no çš„ in font nullfont!
Missing character: There is no å® in font nullfont!
Missing character: There is no éªŒ in font nullfont!
Missing character: There is no è¡¨ in font nullfont!
Missing character: There is no æ˜ in font nullfont!
Missing character: There is no æœ¬ in font nullfont!
Missing character: There is no æ–‡ in font nullfont!
Missing character: There is no çš„ in font nullfont!
Missing character: There is no åŒ¹ in font nullfont!
Missing character: There is no é… in font nullfont!
Missing character: There is no ç®— in font nullfont!
Missing character: There is no æ³• in font nullfont!
Missing character: There is no å…· in font nullfont!
Missing character: There is no æœ‰ in font nullfont!
Missing character: There is no è‰¯ in font nullfont!
Missing character: There is no å¥½ in font nullfont!
Missing character: There is no çš„ in font nullfont!
Missing character: There is no ç”¨ in font nullfont!
Missing character: There is no æˆ· in font nullfont!
Missing character: There is no ä½“ in font nullfont!
Missing character: There is no éªŒ in font nullfont!
Missing character: There is no ï¼Œ in font nullfont!
Missing character: There is no èƒ½ in font nullfont!
Missing character: There is no å¤Ÿ in font nullfont!
Missing character: There is no æœ‰ in font nullfont!
Missing character: There is no æ•ˆ in font nullfont!
Missing character: There is no çš„ in font nullfont!
Missing character: There is no ä¸º in font nullfont!
Missing character: There is no ç”¨ in font nullfont!
Missing character: There is no æˆ· in font nullfont!
Missing character: There is no æ in font nullfont!
Missing character: There is no ä¾› in font nullfont!
Missing character: There is no é€‚ in font nullfont!
Missing character: There is no åˆ in font nullfont!
Missing character: There is no ç”¨ in font nullfont!
Missing character: There is no æˆ· in font nullfont!
Missing character: There is no ç‰¹ in font nullfont!
Missing character: There is no å¾ in font nullfont!
Missing character: There is no çš„ in font nullfont!
Missing character: There is no å¥½ in font nullfont!
Missing character: There is no å‹ in font nullfont!
Missing character: There is no ï¼Œ in font nullfont!
Missing character: There is no å…· in font nullfont!
Missing character: There is no æœ‰ in font nullfont!
Missing character: There is no è‰¯ in font nullfont!
Missing character: There is no å¥½ in font nullfont!
Missing character: There is no çš„ in font nullfont!
Missing character: There is no å¯ in font nullfont!
Missing character: There is no æ‰© in font nullfont!
Missing character: There is no å±• in font nullfont!
Missing character: There is no æ€§ in font nullfont!
Missing character: There is no å’Œ in font nullfont!
Missing character: There is no å® in font nullfont!
Missing character: There is no ç”¨ in font nullfont!
Missing character: There is no æ€§ in font nullfont!
Missing character: There is no ã€‚ in font nullfont!

Overfull \hbox (20.0pt too wide) in paragraph at lines 11--12
[] 
 []


! LaTeX Error: Missing \begin{document}.

See the LaTeX manual or LaTeX Companion for explanation.
Type  H <return>  for immediate help.
 ...                                              
                                                  
l.13 å®
        éªŒæ•°æ®æ¯•ç«Ÿå…·æœ‰ä¸€å®šçš„éšæœºæ€§ï¼Œä¸”å¾—åˆ°çš„æ•°æ®è¾ƒä¸ºä¸...

You're in trouble here.  Try typing  <return>  to proceed.
If that doesn't work, type  X <return>  to quit.

Missing character: There is no å® in font nullfont!
Missing character: There is no éªŒ in font nullfont!
Missing character: There is no æ•° in font nullfont!
Missing character: There is no æ® in font nullfont!
Missing character: There is no æ¯• in font nullfont!
Missing character: There is no ç«Ÿ in font nullfont!
Missing character: There is no å…· in font nullfont!
Missing character: There is no æœ‰ in font nullfont!
Missing character: There is no ä¸€ in font nullfont!
Missing character: There is no å®š in font nullfont!
Missing character: There is no çš„ in font nullfont!
Missing character: There is no éš in font nullfont!
Missing character: There is no æœº in font nullfont!
Missing character: There is no æ€§ in font nullfont!
Missing character: There is no ï¼Œ in font nullfont!
Missing character: There is no ä¸” in font nullfont!
Missing character: There is no å¾— in font nullfont!
Missing character: There is no åˆ° in font nullfont!
Missing character: There is no çš„ in font nullfont!
Missing character: There is no æ•° in font nullfont!
Missing character: There is no æ® in font nullfont!
Missing character: There is no è¾ƒ in font nullfont!
Missing character: There is no ä¸º in font nullfont!
Missing character: There is no ä¸» in font nullfont!
Missing character: There is no ç®¡ in font nullfont!
Missing character: There is no ï¼Œ in font nullfont!
Missing character: There is no å›  in font nullfont!
Missing character: There is no æ­¤ in font nullfont!
Missing character: There is no åœ¨ in font nullfont!
Missing character: There is no ä¹‹ in font nullfont!
Missing character: There is no å in font nullfont!
Missing character: There is no ä¸º in font nullfont!
Missing character: There is no äº† in font nullfont!
Missing character: There is no æ›´ in font nullfont!
Missing character: There is no å¥½ in font nullfont!
Missing character: There is no çš„ in font nullfont!
Missing character: There is no å» in font nullfont!
Missing character: There is no æ¢ in font nullfont!
Missing character: There is no ç´¢ in font nullfont!
Missing character: There is no äºº in font nullfont!
Missing character: There is no è„¸ in font nullfont!
Missing character: There is no è¯† in font nullfont!
Missing character: There is no åˆ« in font nullfont!
Missing character: There is no æŠ€ in font nullfont!
Missing character: There is no æœ¯ in font nullfont!
Missing character: There is no å›¾ in font nullfont!
Missing character: There is no ç‰‡ in font nullfont!
Missing character: There is no ç¤¾ in font nullfont!
Missing character: There is no äº¤ in font nullfont!
Missing character: There is no å¹³ in font nullfont!
Missing character: There is no å° in font nullfont!
Missing character: There is no ä¸Š in font nullfont!
Missing character: There is no çš„ in font nullfont!
Missing character: There is no åº” in font nullfont!
Missing character: There is no ç”¨ in font nullfont!
Missing character: There is no ï¼Œ in font nullfont!
Missing character: There is no éœ€ in font nullfont!
Missing character: There is no è¦ in font nullfont!
Missing character: There is no åœ¨ in font nullfont!
Missing character: There is no ä¹‹ in font nullfont!
Missing character: There is no å in font nullfont!
Missing character: There is no æˆ‘ in font nullfont!
Missing character: There is no ä»¬ in font nullfont!
Missing character: There is no è€ƒ in font nullfont!
Missing character: There is no è™‘ in font nullfont!
Missing character: There is no æ›´ in font nullfont!
Missing character: There is no å¹¿ in font nullfont!
Missing character: There is no æ³› in font nullfont!
Missing character: There is no çš„ in font nullfont!
Missing character: There is no å® in font nullfont!
Missing character: There is no éªŒ in font nullfont!
Missing character: There is no ï¼Œ in font nullfont!
Missing character: There is no å¹¶ in font nullfont!
Missing character: There is no ä¸” in font nullfont!
Missing character: There is no å°† in font nullfont!
Missing character: There is no æ­¤ in font nullfont!
Missing character: There is no åº” in font nullfont!
Missing character: There is no ç”¨ in font nullfont!
Missing character: There is no å‘ in font nullfont!
Missing character: There is no å¸ƒ in font nullfont!
Missing character: There is no å¹¶ in font nullfont!
Missing character: There is no æ¨ in font nullfont!
Missing character: There is no å¹¿ in font nullfont!
Missing character: There is no å‡º in font nullfont!
Missing character: There is no å» in font nullfont!
Missing character: There is no å» in font nullfont!
Missing character: There is no è· in font nullfont!
Missing character: There is no å¾— in font nullfont!
Missing character: There is no æ›´ in font nullfont!
Missing character: There is no å¤š in font nullfont!
Missing character: There is no çš„ in font nullfont!
Missing character: There is no ç”¨ in font nullfont!
Missing character: There is no æˆ· in font nullfont!
Missing character: There is no çš„ in font nullfont!
Missing character: There is no å in font nullfont!
Missing character: There is no é¦ˆ in font nullfont!
Missing character: There is no è¿› in font nullfont!
Missing character: There is no ä¸€ in font nullfont!
Missing character: There is no æ­¥ in font nullfont!
Missing character: There is no æ¥ in font nullfont!
Missing character: There is no ç²¾ in font nullfont!
Missing character: There is no ç¡® in font nullfont!
Missing character: There is no åŸ in font nullfont!
Missing character: There is no ç®— in font nullfont!
Missing character: There is no æ³• in font nullfont!
Missing character: There is no çš„ in font nullfont!
Missing character: There is no é˜ˆ in font nullfont!
Missing character: There is no å€¼ in font nullfont!
Missing character: There is no ï¼Œ in font nullfont!
Missing character: There is no è· in font nullfont!
Missing character: There is no å¾— in font nullfont!
Missing character: There is no æ›´ in font nullfont!
Missing character: There is no å¤š in font nullfont!
Missing character: There is no ç”¨ in font nullfont!
Missing character: There is no æˆ· in font nullfont!
Missing character: There is no çš„ in font nullfont!
Missing character: There is no ç‰¹ in font nullfont!
Missing character: There is no å¾ in font nullfont!
Missing character: There is no æ•° in font nullfont!
Missing character: There is no æ® in font nullfont!
Missing character: There is no æ¥ in font nullfont!
Missing character: There is no æ in font nullfont!
Missing character: There is no å‡ in font nullfont!
Missing character: There is no ç®— in font nullfont!
Missing character: There is no æ³• in font nullfont!
Missing character: There is no ã€‚ in font nullfont!

Overfull \hbox (20.0pt too wide) in paragraph at lines 13--14
[] 
 []


! LaTeX Error: Missing \begin{document}.

See the LaTeX manual or LaTeX Companion for explanation.
Type  H <return>  for immediate help.
 ...                                              
                                                  
l.15 è€Œ
        åœ¨å›¾ç‰‡è¯†åˆ«ç­‰æŠ€æœ¯çš„é£é€Ÿå‘å±•ä¸Šï¼Œåº”ç”¨èƒ½å¤Ÿæ›´å¤šçš„é€...

You're in trouble here.  Try typing  <return>  to proceed.
If that doesn't work, type  X <return>  to quit.

Missing character: There is no è€Œ in font nullfont!
Missing character: There is no åœ¨ in font nullfont!
Missing character: There is no å›¾ in font nullfont!
Missing character: There is no ç‰‡ in font nullfont!
Missing character: There is no è¯† in font nullfont!
Missing character: There is no åˆ« in font nullfont!
Missing character: There is no ç­‰ in font nullfont!
Missing character: There is no æŠ€ in font nullfont!
Missing character: There is no æœ¯ in font nullfont!
Missing character: There is no çš„ in font nullfont!
Missing character: There is no é£ in font nullfont!
Missing character: There is no é€Ÿ in font nullfont!
Missing character: There is no å‘ in font nullfont!
Missing character: There is no å±• in font nullfont!
Missing character: There is no ä¸Š in font nullfont!
Missing character: There is no ï¼Œ in font nullfont!
Missing character: There is no åº” in font nullfont!
Missing character: There is no ç”¨ in font nullfont!
Missing character: There is no èƒ½ in font nullfont!
Missing character: There is no å¤Ÿ in font nullfont!
Missing character: There is no æ›´ in font nullfont!
Missing character: There is no å¤š in font nullfont!
Missing character: There is no çš„ in font nullfont!
Missing character: There is no é€š in font nullfont!
Missing character: There is no è¿‡ in font nullfont!
Missing character: There is no å›¾ in font nullfont!
Missing character: There is no ç‰‡ in font nullfont!
Missing character: There is no æ¥ in font nullfont!
Missing character: There is no æ”¶ in font nullfont!
Missing character: There is no é›† in font nullfont!
Missing character: There is no ç”¨ in font nullfont!
Missing character: There is no æˆ· in font nullfont!
Missing character: There is no çš„ in font nullfont!
Missing character: There is no ä¿¡ in font nullfont!
Missing character: There is no æ¯ in font nullfont!
Missing character: There is no ï¼Œ in font nullfont!
Missing character: There is no å°† in font nullfont!
Missing character: There is no ç”¨ in font nullfont!
Missing character: There is no æˆ· in font nullfont!
Missing character: There is no çš„ in font nullfont!
Missing character: There is no æ—¥ in font nullfont!
Missing character: There is no å¸¸ in font nullfont!
Missing character: There is no ä¿¡ in font nullfont!
Missing character: There is no æ¯ in font nullfont!
Missing character: There is no ä¸ in font nullfont!
Missing character: There is no æ–­ in font nullfont!
Missing character: There is no åˆ† in font nullfont!
Missing character: There is no ç±» in font nullfont!
Missing character: There is no ï¼Œ in font nullfont!
Missing character: There is no ä» in font nullfont!
Missing character: There is no è€Œ in font nullfont!
Missing character: There is no æ›´ in font nullfont!
Missing character: There is no ä¸º in font nullfont!
Missing character: There is no ç²¾ in font nullfont!
Missing character: There is no ç¡® in font nullfont!
Missing character: There is no çš„ in font nullfont!
Missing character: There is no ä¸º in font nullfont!
Missing character: There is no ç”¨ in font nullfont!
Missing character: There is no æˆ· in font nullfont!
Missing character: There is no åŒ¹ in font nullfont!
Missing character: There is no é… in font nullfont!
Missing character: There is no å¥½ in font nullfont!
Missing character: There is no å‹ in font nullfont!
Missing character: There is no ã€‚ in font nullfont!
Missing character: There is no æˆ‘ in font nullfont!
Missing character: There is no ä»¬ in font nullfont!
Missing character: There is no å¯ in font nullfont!
Missing character: There is no ä»¥ in font nullfont!
Missing character: There is no æœŸ in font nullfont!
Missing character: There is no å¾… in font nullfont!
Missing character: There is no å›¾ in font nullfont!
Missing character: There is no ç‰‡ in font nullfont!
Missing character: There is no ç¤¾ in font nullfont!
Missing character: There is no äº¤ in font nullfont!
Missing character: There is no åº” in font nullfont!
Missing character: There is no ç”¨ in font nullfont!
Missing character: There is no æ›´ in font nullfont!
Missing character: There is no è¿œ in font nullfont!
Missing character: There is no å¤§ in font nullfont!
Missing character: There is no çš„ in font nullfont!
Missing character: There is no æœª in font nullfont!
Missing character: There is no æ¥ in font nullfont!
Missing character: There is no ã€‚ in font nullfont!

Overfull \hbox (20.0pt too wide) in paragraph at lines 15--16
[] 
 []

)
! Emergency stop.
<*> conclusion.tex
                  
*** (job aborted, no legal \end found)

 
Here is how much of TeX's memory you used:
 4 strings out of 493918
 54 string characters out of 6148600
 52462 words of memory out of 5000000
 3428 multiletter control sequences out of 15000+600000
 3640 words of font info for 14 fonts, out of 8000000 for 9000
 1144 hyphenation exceptions out of 8191
 5i,0n,4p,159b,16s stack positions out of 5000i,500n,10000p,200000b,80000s
No pages of output.
